[cc] download directory: /tmp/top100_artifacts/cc-1.2.23
+ curl -sL https://crates.io/api/v1/crates/cc/1.2.23/download
+ tar xzf -
+ cd /tmp/top100_artifacts/cc-1.2.23
+ cargo clean
     Removed 0 files
+ cargo +stable test ''
    Blocking waiting for file lock on package cache
    Blocking waiting for file lock on package cache
   Compiling libc v0.2.172
   Compiling rustix v1.0.7
   Compiling getrandom v0.3.3
   Compiling cfg-if v1.0.0
   Compiling linux-raw-sys v0.9.4
   Compiling bitflags v2.9.1
   Compiling once_cell v1.21.3
   Compiling fastrand v2.3.0
   Compiling shlex v1.3.0
   Compiling errno v0.3.12
   Compiling tempfile v3.20.0
   Compiling cc v1.2.23 (/tmp/top100_artifacts/cc-1.2.23)
    Finished `test` profile [unoptimized + debuginfo] target(s) in 8.61s
     Running unittests src/lib.rs (target/debug/deps/cc-748b58a424dd7f50)

running 15 tests
test flags::tests::all_rustc_flags ... ok
test flags::tests::precedence ... ok
test flags::tests::three_valid_prefixes ... ok
test target::llvm::tests::llvm_for_all_rustc_targets ... ignored, not yet done
test flags::tests::two_valid_prefixes ... ok
test target::llvm::tests::basic_llvm_triple_guessing ... ok
test target::llvm::tests::llvm_version ... ok
test target::llvm::tests::test_old_ios_target ... ok
test target::llvm::tests::uefi ... ok
test target::parser::tests::parse_extra ... ok
test target::parser::tests::parse_rustc_targets ... ignored, must enable explicitly with --cfg=rustc_target_test
test target::parser::tests::tier1 ... ok
test target::parser::tests::unknown_env_determined_as_unknown ... ok
test tests::test_android_clang_compiler_uses_target_arg_internally ... ok
test flags::tests::codegen_type ... ok

test result: ok. 13 passed; 0 failed; 2 ignored; 0 measured; 0 filtered out; finished in 0.03s

+ RESULT=0
+ cd /tmp/top100_artifacts
+ rm -rf /tmp/top100_artifacts/cc-1.2.23
+ exit 0
