[crossbeam-utils] download directory: /tmp/top100_artifacts/crossbeam-utils-0.8.21
+ curl -sL https://crates.io/api/v1/crates/crossbeam-utils/0.8.21/download
+ tar xzf -
+ cd /tmp/top100_artifacts/crossbeam-utils-0.8.21
+ cargo clean
     Removed 0 files
+ cargo +stable test ''
    Blocking waiting for file lock on package cache
    Updating crates.io index
    Blocking waiting for file lock on package cache
     Locking 56 packages to latest compatible versions
      Adding rand v0.8.5 (available: v0.9.1)
   Compiling libc v0.2.172
   Compiling zerocopy v0.8.25
   Compiling cfg-if v1.0.0
   Compiling crossbeam-utils v0.8.21 (/tmp/top100_artifacts/crossbeam-utils-0.8.21)
   Compiling getrandom v0.2.16
   Compiling rand_core v0.6.4
   Compiling ppv-lite86 v0.2.21
   Compiling rand_chacha v0.3.1
   Compiling rand v0.8.5
    Finished `test` profile [unoptimized + debuginfo] target(s) in 5.15s
     Running unittests src/lib.rs (target/debug/deps/crossbeam_utils-2e1740fa0020b161)

running 1 test
test atomic::seq_lock::tests::test_abort ... ok

test result: ok. 1 passed; 0 failed; 0 ignored; 0 measured; 0 filtered out; finished in 0.00s

     Running tests/atomic_cell.rs (target/debug/deps/atomic_cell-da40c9251d26a465)

running 21 tests
test arithmetic_i128 ... ok
test arithmetic_i16 ... ok
test arithmetic_i32 ... ok
test arithmetic_i64 ... ok
test arithmetic_i8 ... ok
test arithmetic_u128 ... ok
test arithmetic_u16 ... ok
test arithmetic_u64 ... ok
test arithmetic_u32 ... ok
test arithmetic_u8 ... ok
test const_atomic_cell_new ... ok
test const_is_lock_free ... ok
test drops_u8 ... ok
test drops_unit ... ok
test drops_usize ... ok
test garbage_padding ... ok
test is_lock_free ... ok
test issue_748 ... ok
test modular_u8 ... ok
test modular_usize ... ok
test issue_833 ... ok

test result: ok. 21 passed; 0 failed; 0 ignored; 0 measured; 0 filtered out; finished in 0.03s

     Running tests/cache_padded.rs (target/debug/deps/cache_padded-56c4508e789a155d)

running 10 tests
test clone ... ok
test debug ... ok
test default ... ok
test different_sizes ... ok
test distance ... ok
test drops ... ok
test large ... ok
test runs_custom_clone ... ok
test store_pair ... ok
test store_u64 ... ok

test result: ok. 10 passed; 0 failed; 0 ignored; 0 measured; 0 filtered out; finished in 0.00s

     Running tests/parker.rs (target/debug/deps/parker-b4e68db0b93ddbbb)

running 3 tests
test park_timeout_unpark_before ... ok
test park_timeout_unpark_not_called ... ok
test park_timeout_unpark_called_other_thread ... ok

test result: ok. 3 passed; 0 failed; 0 ignored; 0 measured; 0 filtered out; finished in 0.50s

     Running tests/sharded_lock.rs (target/debug/deps/sharded_lock-2c32d6ec260a9b44)

running 15 tests
test arc_no_poison_rr ... ok
test arc_access_in_unwind ... ok
test arc_no_poison_sl ... ok
test arc_poison_wr ... ok
test arc_poison_ww ... ok
test arc ... ok
test smoke ... ok
test test_into_inner ... ok
test test_get_mut ... ok
test test_into_inner_drop ... ok
test test_get_mut_poison ... ok
test test_into_inner_poison ... ok
test unsized_type ... ok
test try_write ... ok
test frob ... ok

test result: ok. 15 passed; 0 failed; 0 ignored; 0 measured; 0 filtered out; finished in 0.01s

     Running tests/thread.rs (target/debug/deps/thread-07c3249a20c2a1fc)

running 10 tests
test counter ... ok
test counter_builder ... ok
test join ... ok
test nesting ... ok
test panic_many ... ok
test as_pthread_t ... ok
test scope_returns_ok ... ok
test counter_panic ... ok
test join_nested ... ok
test panic_twice ... ok

test result: ok. 10 passed; 0 failed; 0 ignored; 0 measured; 0 filtered out; finished in 0.50s

     Running tests/wait_group.rs (target/debug/deps/wait_group-59cc3813cea023be)

running 2 tests
test wait_and_drop ... ok
test wait ... ok

test result: ok. 2 passed; 0 failed; 0 ignored; 0 measured; 0 filtered out; finished in 0.10s

+ RESULT=0
+ cd /tmp/top100_artifacts
+ rm -rf /tmp/top100_artifacts/crossbeam-utils-0.8.21
+ exit 0
