[fastrand] download directory: /tmp/top100_artifacts/fastrand-2.3.0
+ curl -sL https://crates.io/api/v1/crates/fastrand/2.3.0/download
+ tar xzf -
+ cd /tmp/top100_artifacts/fastrand-2.3.0
+ cargo clean
     Removed 0 files
+ cargo +stable test ''
    Updating crates.io index
    Blocking waiting for file lock on package cache
     Locking 44 packages to latest compatible versions
      Adding getrandom v0.2.16 (available: v0.3.3)
      Adding rand v0.8.5 (available: v0.9.1)
    Blocking waiting for file lock on package cache
    Blocking waiting for file lock on package cache
   Compiling libc v0.2.172
   Compiling cfg-if v1.0.0
   Compiling zerocopy v0.8.25
   Compiling fastrand v2.3.0 (/tmp/top100_artifacts/fastrand-2.3.0)
   Compiling getrandom v0.2.16
   Compiling rand_core v0.6.4
   Compiling wyhash v0.5.0
   Compiling ppv-lite86 v0.2.21
   Compiling rand_chacha v0.3.1
   Compiling rand v0.8.5
    Finished `test` profile [unoptimized + debuginfo] target(s) in 10.81s
     Running unittests src/lib.rs (target/debug/deps/fastrand-530c3c5668fb0c45)

running 0 tests

test result: ok. 0 passed; 0 failed; 0 ignored; 0 measured; 0 filtered out; finished in 0.00s

     Running tests/char.rs (target/debug/deps/char-91030e5f572d611e)

running 1 test
test test_char ... ok

test result: ok. 1 passed; 0 failed; 0 ignored; 0 measured; 0 filtered out; finished in 0.01s

     Running tests/smoke.rs (target/debug/deps/smoke-2459086dc6830519)

running 12 tests
test bool ... ok
test choice ... ok
test choose_multiple ... ok
test i8 ... ok
test rng ... ok
test rng_init ... ok
test fill ... ok
test u8 ... ok
test with_seed ... ok
test u64 ... ok
test u32 ... ok
test u128 ... ok

test result: ok. 12 passed; 0 failed; 0 ignored; 0 measured; 0 filtered out; finished in 6.41s

+ RESULT=0
+ cd /tmp/top100_artifacts
+ rm -rf /tmp/top100_artifacts/fastrand-2.3.0
+ exit 0
