[http-body] download directory: /tmp/top100_artifacts/http-body-1.0.1
+ tar xzf -
+ curl -sL https://crates.io/api/v1/crates/http-body/1.0.1/download
+ cd /tmp/top100_artifacts/http-body-1.0.1
+ cargo clean
     Removed 0 files
+ cargo +stable test ''
    Blocking waiting for file lock on package cache
    Updating crates.io index
    Blocking waiting for file lock on package cache
     Locking 4 packages to latest compatible versions
    Blocking waiting for file lock on package cache
   Compiling fnv v1.0.7
   Compiling itoa v1.0.15
   Compiling bytes v1.10.1
   Compiling http v1.3.1
   Compiling http-body v1.0.1 (/tmp/top100_artifacts/http-body-1.0.1)
    Finished `test` profile [unoptimized + debuginfo] target(s) in 4.62s
     Running unittests src/lib.rs (target/debug/deps/http_body-63c97172d8c067e9)

running 0 tests

test result: ok. 0 passed; 0 failed; 0 ignored; 0 measured; 0 filtered out; finished in 0.00s

     Running tests/is_end_stream.rs (target/debug/deps/is_end_stream-ba78f8651f420f75)

running 2 tests
test is_end_stream_default_false ... ok
test is_end_stream_true ... ok

test result: ok. 2 passed; 0 failed; 0 ignored; 0 measured; 0 filtered out; finished in 0.00s

+ RESULT=0
+ cd /tmp/top100_artifacts
+ rm -rf /tmp/top100_artifacts/http-body-1.0.1
+ exit 0
