[libc] download directory: /tmp/top100_artifacts/libc-0.2.172
+ curl -sL https://crates.io/api/v1/crates/libc/0.2.172/download
+ tar xzf -
+ cd /tmp/top100_artifacts/libc-0.2.172
+ cargo clean
     Removed 0 files
+ cargo +stable test ''
    Blocking waiting for file lock on package cache
   Compiling libc v0.2.172 (/tmp/top100_artifacts/libc-0.2.172)
    Finished `test` profile [unoptimized + debuginfo] target(s) in 2.97s
     Running unittests src/lib.rs (target/debug/deps/libc-cd51bf36dcf27427)

running 0 tests

test result: ok. 0 passed; 0 failed; 0 ignored; 0 measured; 0 filtered out; finished in 0.00s

     Running tests/const_fn.rs (target/debug/deps/const_fn-d86954b5e39d2bf7)

running 0 tests

test result: ok. 0 passed; 0 failed; 0 ignored; 0 measured; 0 filtered out; finished in 0.00s

+ RESULT=0
+ cd /tmp/top100_artifacts
+ rm -rf /tmp/top100_artifacts/libc-0.2.172
+ exit 0
