[ppv-lite86] download directory: /tmp/top100_artifacts/ppv-lite86-0.2.21
+ curl -sL https://crates.io/api/v1/crates/ppv-lite86/0.2.21/download
+ tar xzf -
+ cd /tmp/top100_artifacts/ppv-lite86-0.2.21
+ cargo clean
     Removed 0 files
+ cargo +stable test ''
    Blocking waiting for file lock on package cache
    Updating crates.io index
    Blocking waiting for file lock on package cache
     Locking 6 packages to latest compatible versions
    Blocking waiting for file lock on package cache
    Blocking waiting for file lock on package cache
   Compiling zerocopy v0.8.25
   Compiling ppv-lite86 v0.2.21 (/tmp/top100_artifacts/ppv-lite86-0.2.21)
    Finished `test` profile [unoptimized + debuginfo] target(s) in 4.15s
     Running unittests src/lib.rs (target/debug/deps/ppv_lite86-41e8bbe113136f24)

running 2 tests
test generic::test_rotate_u128 ... ok
test generic::test::test_bswap32 ... ok

test result: ok. 2 passed; 0 failed; 0 ignored; 0 measured; 0 filtered out; finished in 0.01s

+ RESULT=0
+ cd /tmp/top100_artifacts
+ rm -rf /tmp/top100_artifacts/ppv-lite86-0.2.21
+ exit 0
