[quote] download directory: /tmp/top100_artifacts/quote-1.0.40
+ curl -sL https://crates.io/api/v1/crates/quote/1.0.40/download
+ tar xzf -
+ cd /tmp/top100_artifacts/quote-1.0.40
+ cargo clean
     Removed 0 files
+ cargo +stable test ''
   Compiling serde v1.0.219
   Compiling proc-macro2 v1.0.94
   Compiling unicode-ident v1.0.18
   Compiling hashbrown v0.15.2
   Compiling equivalent v1.0.2
   Compiling target-triple v0.1.4
   Compiling winnow v0.7.3
   Compiling indexmap v2.8.0
   Compiling quote v1.0.39
   Compiling serde_json v1.0.140
   Compiling syn v2.0.100
   Compiling memchr v2.7.4
   Compiling rustversion v1.0.20
   Compiling ryu v1.0.20
   Compiling itoa v1.0.15
   Compiling termcolor v1.4.1
   Compiling dissimilar v1.0.10
   Compiling toml_datetime v0.6.8
   Compiling serde_spanned v0.6.8
   Compiling toml_edit v0.22.24
   Compiling glob v0.3.2
   Compiling quote v1.0.40 (/tmp/top100_artifacts/quote-1.0.40)
   Compiling serde_derive v1.0.219
   Compiling toml v0.8.20
   Compiling trybuild v1.0.104
    Finished `test` profile [unoptimized + debuginfo] target(s) in 16.72s
     Running unittests src/lib.rs (target/debug/deps/quote-9f692014a3f08096)

running 0 tests

test result: ok. 0 passed; 0 failed; 0 ignored; 0 measured; 0 filtered out; finished in 0.00s

     Running tests/compiletest.rs (target/debug/deps/compiletest-9ac17ab991eecf5f)

running 1 test
test ui ... ignored, requires nightly

test result: ok. 0 passed; 0 failed; 1 ignored; 0 measured; 0 filtered out; finished in 0.00s

     Running tests/test.rs (target/debug/deps/test-480215ed85f1f8fa)

running 40 tests
test test_advanced ... ok
test test_append_tokens ... ok
test test_btreeset_repetition ... ok
test test_c_str ... ok
test test_c_string ... ok
test test_char ... ok
test test_closure ... ok
test test_cow ... ok
test test_duplicate ... ok
test test_duplicate_name_repetition ... ok
test test_duplicate_name_repetition_no_copy ... ok
test test_empty_quote ... ok
test test_fancy_repetition ... ok
test test_floating ... ok
test test_format_ident ... ok
test test_format_ident_strip_raw ... ok
test test_ident ... ok
test test_array ... ok
test test_inner_attr ... ok
test test_inner_block_comment ... ok
test test_inner_line_comment ... ok
test test_integer ... ok
test test_interpolated_literal ... ok
test test_iter ... ok
test test_nested_fancy_repetition ... ok
test test_nonrep_in_repetition ... ok
test test_outer_attr ... ok
test test_outer_block_comment ... ok
test test_outer_line_comment ... ok
test test_quote_impl ... ok
test test_quote_raw_id ... ok
test test_quote_spanned_impl ... ok
test test_star_after_repetition ... ok
test test_str ... ok
test test_string ... ok
test test_substitution ... ok
test test_type_inference_for_span ... ok
test test_underscore ... ok
test test_variable_name_conflict ... ok
test test_box_str ... ok

test result: ok. 40 passed; 0 failed; 0 ignored; 0 measured; 0 filtered out; finished in 0.00s

+ RESULT=0
+ cd /tmp/top100_artifacts
+ rm -rf /tmp/top100_artifacts/quote-1.0.40
+ exit 0
