[regex-automata] download directory: /tmp/top100_artifacts/regex-automata-0.4.9
+ curl -sL https://crates.io/api/v1/crates/regex-automata/0.4.9/download
+ tar xzf -
+ cd /tmp/top100_artifacts/regex-automata-0.4.9
+ cargo clean
     Removed 0 files
+ cargo +stable test ''
    Blocking waiting for file lock on package cache
    Updating crates.io index
    Blocking waiting for file lock on package cache
     Locking 48 packages to latest compatible versions
      Adding env_logger v0.9.3 (available: v0.11.8)
   Compiling proc-macro2 v1.0.95
   Compiling unicode-ident v1.0.18
   Compiling serde v1.0.219
   Compiling libc v0.2.172
   Compiling memchr v2.7.4
   Compiling cfg-if v1.0.0
   Compiling hashbrown v0.15.3
   Compiling equivalent v1.0.2
   Compiling anyhow v1.0.98
   Compiling quote v1.0.40
   Compiling indexmap v2.9.0
   Compiling syn v2.0.101
   Compiling winnow v0.7.10
   Compiling getrandom v0.2.16
   Compiling rand_core v0.6.4
   Compiling doc-comment v0.3.3
   Compiling rand v0.8.5
   Compiling atty v0.2.14
   Compiling aho-corasick v1.1.3
   Compiling regex-syntax v0.8.5
   Compiling log v0.4.27
   Compiling humantime v2.2.0
   Compiling termcolor v1.4.1
   Compiling serde_derive v1.0.219
   Compiling env_logger v0.9.3
   Compiling quickcheck v1.0.3
   Compiling regex-automata v0.4.9 (/tmp/top100_artifacts/regex-automata-0.4.9)
   Compiling toml_datetime v0.6.9
   Compiling serde_spanned v0.6.8
   Compiling bstr v1.12.0
   Compiling toml_edit v0.22.26
   Compiling toml v0.8.22
   Compiling regex-test v0.1.1
error: couldn't read `tests/../../testdata/anchored.toml`: No such file or directory (os error 2)
  --> tests/lib.rs:38:17
   |
38 |                 include_bytes!(concat!("../../testdata/", $name, ".toml"));
   |                 ^^^^^^^^^^^^^^^^^^^^^^^^^^^^^^^^^^^^^^^^^^^^^^^^^^^^^^^^^^
...
43 |     load!("anchored");
   |     ----------------- in this macro invocation
   |
   = note: this error originates in the macro `include_bytes` which comes from the expansion of the macro `load` (in Nightly builds, run with -Z macro-backtrace for more info)

error: couldn't read `tests/../../testdata/bytes.toml`: No such file or directory (os error 2)
  --> tests/lib.rs:38:17
   |
38 |                 include_bytes!(concat!("../../testdata/", $name, ".toml"));
   |                 ^^^^^^^^^^^^^^^^^^^^^^^^^^^^^^^^^^^^^^^^^^^^^^^^^^^^^^^^^^
...
44 |     load!("bytes");
   |     -------------- in this macro invocation
   |
   = note: this error originates in the macro `include_bytes` which comes from the expansion of the macro `load` (in Nightly builds, run with -Z macro-backtrace for more info)

error: couldn't read `tests/../../testdata/crazy.toml`: No such file or directory (os error 2)
  --> tests/lib.rs:38:17
   |
38 |                 include_bytes!(concat!("../../testdata/", $name, ".toml"));
   |                 ^^^^^^^^^^^^^^^^^^^^^^^^^^^^^^^^^^^^^^^^^^^^^^^^^^^^^^^^^^
...
45 |     load!("crazy");
   |     -------------- in this macro invocation
   |
   = note: this error originates in the macro `include_bytes` which comes from the expansion of the macro `load` (in Nightly builds, run with -Z macro-backtrace for more info)

error: couldn't read `tests/../../testdata/crlf.toml`: No such file or directory (os error 2)
  --> tests/lib.rs:38:17
   |
38 |                 include_bytes!(concat!("../../testdata/", $name, ".toml"));
   |                 ^^^^^^^^^^^^^^^^^^^^^^^^^^^^^^^^^^^^^^^^^^^^^^^^^^^^^^^^^^
...
46 |     load!("crlf");
   |     ------------- in this macro invocation
   |
   = note: this error originates in the macro `include_bytes` which comes from the expansion of the macro `load` (in Nightly builds, run with -Z macro-backtrace for more info)

error: couldn't read `tests/../../testdata/earliest.toml`: No such file or directory (os error 2)
  --> tests/lib.rs:38:17
   |
38 |                 include_bytes!(concat!("../../testdata/", $name, ".toml"));
   |                 ^^^^^^^^^^^^^^^^^^^^^^^^^^^^^^^^^^^^^^^^^^^^^^^^^^^^^^^^^^
...
47 |     load!("earliest");
   |     ----------------- in this macro invocation
   |
   = note: this error originates in the macro `include_bytes` which comes from the expansion of the macro `load` (in Nightly builds, run with -Z macro-backtrace for more info)

error: couldn't read `tests/../../testdata/empty.toml`: No such file or directory (os error 2)
  --> tests/lib.rs:38:17
   |
38 |                 include_bytes!(concat!("../../testdata/", $name, ".toml"));
   |                 ^^^^^^^^^^^^^^^^^^^^^^^^^^^^^^^^^^^^^^^^^^^^^^^^^^^^^^^^^^
...
48 |     load!("empty");
   |     -------------- in this macro invocation
   |
   = note: this error originates in the macro `include_bytes` which comes from the expansion of the macro `load` (in Nightly builds, run with -Z macro-backtrace for more info)

error: couldn't read `tests/../../testdata/expensive.toml`: No such file or directory (os error 2)
  --> tests/lib.rs:38:17
   |
38 |                 include_bytes!(concat!("../../testdata/", $name, ".toml"));
   |                 ^^^^^^^^^^^^^^^^^^^^^^^^^^^^^^^^^^^^^^^^^^^^^^^^^^^^^^^^^^
...
49 |     load!("expensive");
   |     ------------------ in this macro invocation
   |
   = note: this error originates in the macro `include_bytes` which comes from the expansion of the macro `load` (in Nightly builds, run with -Z macro-backtrace for more info)

error: couldn't read `tests/../../testdata/flags.toml`: No such file or directory (os error 2)
  --> tests/lib.rs:38:17
   |
38 |                 include_bytes!(concat!("../../testdata/", $name, ".toml"));
   |                 ^^^^^^^^^^^^^^^^^^^^^^^^^^^^^^^^^^^^^^^^^^^^^^^^^^^^^^^^^^
...
50 |     load!("flags");
   |     -------------- in this macro invocation
   |
   = note: this error originates in the macro `include_bytes` which comes from the expansion of the macro `load` (in Nightly builds, run with -Z macro-backtrace for more info)

error: couldn't read `tests/../../testdata/iter.toml`: No such file or directory (os error 2)
  --> tests/lib.rs:38:17
   |
38 |                 include_bytes!(concat!("../../testdata/", $name, ".toml"));
   |                 ^^^^^^^^^^^^^^^^^^^^^^^^^^^^^^^^^^^^^^^^^^^^^^^^^^^^^^^^^^
...
51 |     load!("iter");
   |     ------------- in this macro invocation
   |
   = note: this error originates in the macro `include_bytes` which comes from the expansion of the macro `load` (in Nightly builds, run with -Z macro-backtrace for more info)

error: couldn't read `tests/../../testdata/leftmost-all.toml`: No such file or directory (os error 2)
  --> tests/lib.rs:38:17
   |
38 |                 include_bytes!(concat!("../../testdata/", $name, ".toml"));
   |                 ^^^^^^^^^^^^^^^^^^^^^^^^^^^^^^^^^^^^^^^^^^^^^^^^^^^^^^^^^^
...
52 |     load!("leftmost-all");
   |     --------------------- in this macro invocation
   |
   = note: this error originates in the macro `include_bytes` which comes from the expansion of the macro `load` (in Nightly builds, run with -Z macro-backtrace for more info)

error: couldn't read `tests/../../testdata/line-terminator.toml`: No such file or directory (os error 2)
  --> tests/lib.rs:38:17
   |
38 |                 include_bytes!(concat!("../../testdata/", $name, ".toml"));
   |                 ^^^^^^^^^^^^^^^^^^^^^^^^^^^^^^^^^^^^^^^^^^^^^^^^^^^^^^^^^^
...
53 |     load!("line-terminator");
   |     ------------------------ in this macro invocation
   |
   = note: this error originates in the macro `include_bytes` which comes from the expansion of the macro `load` (in Nightly builds, run with -Z macro-backtrace for more info)

error: couldn't read `tests/../../testdata/misc.toml`: No such file or directory (os error 2)
  --> tests/lib.rs:38:17
   |
38 |                 include_bytes!(concat!("../../testdata/", $name, ".toml"));
   |                 ^^^^^^^^^^^^^^^^^^^^^^^^^^^^^^^^^^^^^^^^^^^^^^^^^^^^^^^^^^
...
54 |     load!("misc");
   |     ------------- in this macro invocation
   |
   = note: this error originates in the macro `include_bytes` which comes from the expansion of the macro `load` (in Nightly builds, run with -Z macro-backtrace for more info)

error: couldn't read `tests/../../testdata/multiline.toml`: No such file or directory (os error 2)
  --> tests/lib.rs:38:17
   |
38 |                 include_bytes!(concat!("../../testdata/", $name, ".toml"));
   |                 ^^^^^^^^^^^^^^^^^^^^^^^^^^^^^^^^^^^^^^^^^^^^^^^^^^^^^^^^^^
...
55 |     load!("multiline");
   |     ------------------ in this macro invocation
   |
   = note: this error originates in the macro `include_bytes` which comes from the expansion of the macro `load` (in Nightly builds, run with -Z macro-backtrace for more info)

error: couldn't read `tests/../../testdata/no-unicode.toml`: No such file or directory (os error 2)
  --> tests/lib.rs:38:17
   |
38 |                 include_bytes!(concat!("../../testdata/", $name, ".toml"));
   |                 ^^^^^^^^^^^^^^^^^^^^^^^^^^^^^^^^^^^^^^^^^^^^^^^^^^^^^^^^^^
...
56 |     load!("no-unicode");
   |     ------------------- in this macro invocation
   |
   = note: this error originates in the macro `include_bytes` which comes from the expansion of the macro `load` (in Nightly builds, run with -Z macro-backtrace for more info)

error: couldn't read `tests/../../testdata/overlapping.toml`: No such file or directory (os error 2)
  --> tests/lib.rs:38:17
   |
38 |                 include_bytes!(concat!("../../testdata/", $name, ".toml"));
   |                 ^^^^^^^^^^^^^^^^^^^^^^^^^^^^^^^^^^^^^^^^^^^^^^^^^^^^^^^^^^
...
57 |     load!("overlapping");
   |     -------------------- in this macro invocation
   |
   = note: this error originates in the macro `include_bytes` which comes from the expansion of the macro `load` (in Nightly builds, run with -Z macro-backtrace for more info)

error: couldn't read `tests/../../testdata/regression.toml`: No such file or directory (os error 2)
  --> tests/lib.rs:38:17
   |
38 |                 include_bytes!(concat!("../../testdata/", $name, ".toml"));
   |                 ^^^^^^^^^^^^^^^^^^^^^^^^^^^^^^^^^^^^^^^^^^^^^^^^^^^^^^^^^^
...
58 |     load!("regression");
   |     ------------------- in this macro invocation
   |
   = note: this error originates in the macro `include_bytes` which comes from the expansion of the macro `load` (in Nightly builds, run with -Z macro-backtrace for more info)

error: couldn't read `tests/../../testdata/set.toml`: No such file or directory (os error 2)
  --> tests/lib.rs:38:17
   |
38 |                 include_bytes!(concat!("../../testdata/", $name, ".toml"));
   |                 ^^^^^^^^^^^^^^^^^^^^^^^^^^^^^^^^^^^^^^^^^^^^^^^^^^^^^^^^^^
...
59 |     load!("set");
   |     ------------ in this macro invocation
   |
   = note: this error originates in the macro `include_bytes` which comes from the expansion of the macro `load` (in Nightly builds, run with -Z macro-backtrace for more info)

error: couldn't read `tests/../../testdata/substring.toml`: No such file or directory (os error 2)
  --> tests/lib.rs:38:17
   |
38 |                 include_bytes!(concat!("../../testdata/", $name, ".toml"));
   |                 ^^^^^^^^^^^^^^^^^^^^^^^^^^^^^^^^^^^^^^^^^^^^^^^^^^^^^^^^^^
...
60 |     load!("substring");
   |     ------------------ in this macro invocation
   |
   = note: this error originates in the macro `include_bytes` which comes from the expansion of the macro `load` (in Nightly builds, run with -Z macro-backtrace for more info)

error: couldn't read `tests/../../testdata/unicode.toml`: No such file or directory (os error 2)
  --> tests/lib.rs:38:17
   |
38 |                 include_bytes!(concat!("../../testdata/", $name, ".toml"));
   |                 ^^^^^^^^^^^^^^^^^^^^^^^^^^^^^^^^^^^^^^^^^^^^^^^^^^^^^^^^^^
...
61 |     load!("unicode");
   |     ---------------- in this macro invocation
   |
   = note: this error originates in the macro `include_bytes` which comes from the expansion of the macro `load` (in Nightly builds, run with -Z macro-backtrace for more info)

error: couldn't read `tests/../../testdata/utf8.toml`: No such file or directory (os error 2)
  --> tests/lib.rs:38:17
   |
38 |                 include_bytes!(concat!("../../testdata/", $name, ".toml"));
   |                 ^^^^^^^^^^^^^^^^^^^^^^^^^^^^^^^^^^^^^^^^^^^^^^^^^^^^^^^^^^
...
62 |     load!("utf8");
   |     ------------- in this macro invocation
   |
   = note: this error originates in the macro `include_bytes` which comes from the expansion of the macro `load` (in Nightly builds, run with -Z macro-backtrace for more info)

error: couldn't read `tests/../../testdata/word-boundary.toml`: No such file or directory (os error 2)
  --> tests/lib.rs:38:17
   |
38 |                 include_bytes!(concat!("../../testdata/", $name, ".toml"));
   |                 ^^^^^^^^^^^^^^^^^^^^^^^^^^^^^^^^^^^^^^^^^^^^^^^^^^^^^^^^^^
...
63 |     load!("word-boundary");
   |     ---------------------- in this macro invocation
   |
   = note: this error originates in the macro `include_bytes` which comes from the expansion of the macro `load` (in Nightly builds, run with -Z macro-backtrace for more info)

error: couldn't read `tests/../../testdata/word-boundary-special.toml`: No such file or directory (os error 2)
  --> tests/lib.rs:38:17
   |
38 |                 include_bytes!(concat!("../../testdata/", $name, ".toml"));
   |                 ^^^^^^^^^^^^^^^^^^^^^^^^^^^^^^^^^^^^^^^^^^^^^^^^^^^^^^^^^^
...
64 |     load!("word-boundary-special");
   |     ------------------------------ in this macro invocation
   |
   = note: this error originates in the macro `include_bytes` which comes from the expansion of the macro `load` (in Nightly builds, run with -Z macro-backtrace for more info)

error: couldn't read `tests/../../testdata/fowler/basic.toml`: No such file or directory (os error 2)
  --> tests/lib.rs:38:17
   |
38 |                 include_bytes!(concat!("../../testdata/", $name, ".toml"));
   |                 ^^^^^^^^^^^^^^^^^^^^^^^^^^^^^^^^^^^^^^^^^^^^^^^^^^^^^^^^^^
...
65 |     load!("fowler/basic");
   |     --------------------- in this macro invocation
   |
   = note: this error originates in the macro `include_bytes` which comes from the expansion of the macro `load` (in Nightly builds, run with -Z macro-backtrace for more info)

error: couldn't read `tests/../../testdata/fowler/nullsubexpr.toml`: No such file or directory (os error 2)
  --> tests/lib.rs:38:17
   |
38 |                 include_bytes!(concat!("../../testdata/", $name, ".toml"));
   |                 ^^^^^^^^^^^^^^^^^^^^^^^^^^^^^^^^^^^^^^^^^^^^^^^^^^^^^^^^^^
...
66 |     load!("fowler/nullsubexpr");
   |     --------------------------- in this macro invocation
   |
   = note: this error originates in the macro `include_bytes` which comes from the expansion of the macro `load` (in Nightly builds, run with -Z macro-backtrace for more info)

error: couldn't read `tests/../../testdata/fowler/repetition.toml`: No such file or directory (os error 2)
  --> tests/lib.rs:38:17
   |
38 |                 include_bytes!(concat!("../../testdata/", $name, ".toml"));
   |                 ^^^^^^^^^^^^^^^^^^^^^^^^^^^^^^^^^^^^^^^^^^^^^^^^^^^^^^^^^^
...
67 |     load!("fowler/repetition");
   |     -------------------------- in this macro invocation
   |
   = note: this error originates in the macro `include_bytes` which comes from the expansion of the macro `load` (in Nightly builds, run with -Z macro-backtrace for more info)

error: could not compile `regex-automata` (test "integration") due to 25 previous errors
warning: build failed, waiting for other jobs to finish...
+ RESULT=101
+ cd /tmp/top100_artifacts
+ rm -rf /tmp/top100_artifacts/regex-automata-0.4.9
+ exit 101
