[rustls] download directory: /tmp/top100_artifacts/rustls-0.23.27
+ curl -sL https://crates.io/api/v1/crates/rustls/0.23.27/download
+ tar xzf -
+ cd /tmp/top100_artifacts/rustls-0.23.27
+ cargo clean
     Removed 0 files
+ cargo +stable test ''
    Blocking waiting for file lock on package cache
    Updating crates.io index
 Downloading crates ...
  Downloaded anstyle-query v1.1.2
  Downloaded asn1-rs-impl v0.2.0
  Downloaded anstyle-parse v0.2.6
  Downloaded anstream v0.6.18
  Downloaded asn1-rs-derive v0.6.0
  Downloaded env_filter v0.1.3
  Downloaded rusticata-macros v4.1.0
  Downloaded which v4.4.2
  Downloaded pem v3.0.5
  Downloaded rustc-hash v1.1.0
  Downloaded num-integer v0.1.46
  Downloaded macro_rules_attribute-proc_macro v0.2.0
  Downloaded is_terminal_polyfill v1.70.1
  Downloaded dunce v1.0.5
  Downloaded colorchoice v1.0.3
  Downloaded cmake v0.1.54
  Downloaded oid-registry v0.8.1
  Downloaded macro_rules_attribute v0.2.0
  Downloaded lazycell v1.3.0
  Downloaded home v0.5.11
  Downloaded deranged v0.4.0
  Downloaded cexpr v0.6.0
  Downloaded fs_extra v1.3.0
  Downloaded yasna v0.5.2
  Downloaded jobserver v0.1.33
  Downloaded libloading v0.8.6
  Downloaded data-encoding v2.8.0
  Downloaded clang-sys v1.8.1
  Downloaded prettyplease v0.2.32
  Downloaded rustls-webpki v0.103.2
  Downloaded der-parser v10.0.0
  Downloaded rcgen v0.13.2
  Downloaded x509-parser v0.17.0
  Downloaded nom v7.1.3
  Downloaded time v0.3.41
  Downloaded itertools v0.12.1
  Downloaded aws-lc-rs v1.13.0
  Downloaded bindgen v0.69.5
  Downloaded cc v1.2.18
  Downloaded minimal-lexical v0.2.1
  Downloaded webpki-roots v0.26.8
  Downloaded num-bigint v0.4.6
  Downloaded asn1-rs v0.7.1
  Downloaded env_logger v0.11.8
  Downloaded rustix v0.38.44
  Downloaded jiff v0.2.5
  Downloaded linux-raw-sys v0.4.15
  Downloaded aws-lc-sys v0.28.0
    Blocking waiting for file lock on package cache
   Compiling proc-macro2 v1.0.94
   Compiling unicode-ident v1.0.18
   Compiling memchr v2.7.4
   Compiling libc v0.2.171
   Compiling minimal-lexical v0.2.1
   Compiling glob v0.3.2
   Compiling quote v1.0.40
   Compiling syn v2.0.100
   Compiling clang-sys v1.8.1
   Compiling prettyplease v0.2.32
   Compiling rustix v0.38.44
   Compiling bitflags v2.9.0
   Compiling either v1.15.0
   Compiling cfg-if v1.0.0
   Compiling regex-syntax v0.8.5
   Compiling linux-raw-sys v0.4.15
   Compiling errno v0.3.11
   Compiling shlex v1.3.0
   Compiling jobserver v0.1.33
   Compiling regex-automata v0.4.9
   Compiling libloading v0.8.6
   Compiling nom v7.1.3
   Compiling home v0.5.11
   Compiling lazy_static v1.5.0
   Compiling bindgen v0.69.5
   Compiling which v4.4.2
   Compiling cexpr v0.6.0
   Compiling regex v1.11.1
   Compiling cc v1.2.18
   Compiling itertools v0.12.1
   Compiling autocfg v1.4.0
   Compiling lazycell v1.3.0
   Compiling log v0.4.27
   Compiling rustc-hash v1.1.0
   Compiling num-traits v0.2.19
   Compiling cmake v0.1.54
   Compiling fs_extra v1.3.0
   Compiling dunce v1.0.5
   Compiling powerfmt v0.2.0
   Compiling time-core v0.1.4
   Compiling itoa v1.0.15
   Compiling num-conv v0.1.0
   Compiling deranged v0.4.0
   Compiling time-macros v0.2.22
   Compiling thiserror v2.0.12
   Compiling thiserror-impl v2.0.12
   Compiling synstructure v0.13.1
   Compiling time v0.3.41
   Compiling aws-lc-rs v1.13.0
   Compiling asn1-rs-derive v0.6.0
   Compiling rusticata-macros v4.1.0
   Compiling displaydoc v0.2.5
   Compiling asn1-rs-impl v0.2.0
   Compiling aho-corasick v1.1.3
   Compiling asn1-rs v0.7.1
   Compiling aws-lc-sys v0.28.0
   Compiling num-integer v0.1.46
   Compiling zeroize v1.8.1
   Compiling utf8parse v0.2.2
error: failed to run custom build command for `aws-lc-sys v0.28.0`

Caused by:
  process didn't exit successfully: `/tmp/top100_artifacts/rustls-0.23.27/target/debug/build/aws-lc-sys-13e84bb1c934b3df/build-script-main` (exit status: 101)
  --- stdout
  cargo:rerun-if-env-changed=AWS_LC_SYS_NO_PREFIX
  cargo:rerun-if-env-changed=AWS_LC_SYS_PREGENERATING_BINDINGS
  cargo:rerun-if-env-changed=AWS_LC_SYS_EXTERNAL_BINDGEN
  cargo:rerun-if-env-changed=AWS_LC_SYS_NO_ASM
  cargo:rerun-if-env-changed=AWS_LC_SYS_CFLAGS
  cargo:rerun-if-env-changed=AWS_LC_SYS_PREBUILT_NASM
  cargo:rerun-if-env-changed=AWS_LC_SYS_C_STD
  cargo:rerun-if-env-changed=AWS_LC_SYS_CMAKE_BUILDER
  cargo:rerun-if-env-changed=AWS_LC_SYS_NO_PREGENERATED_SRC
  cargo:rerun-if-env-changed=AWS_LC_SYS_STATIC
  cargo:rerun-if-env-changed=CMAKE

  --- stderr
  Missing dependency: cmake

  thread 'main' panicked at /home/eddy/.cargo/registry/src/index.crates.io-1949cf8c6b5b557f/aws-lc-sys-0.28.0/builder/main.rs:382:40:
  called `Result::unwrap()` on an `Err` value: "Required build dependency is missing. Halting build."
  note: run with `RUST_BACKTRACE=1` environment variable to display a backtrace
warning: build failed, waiting for other jobs to finish...
+ RESULT=101
+ cd /tmp/top100_artifacts
+ rm -rf /tmp/top100_artifacts/rustls-0.23.27
+ exit 101
