[smallvec] download directory: /tmp/top100_artifacts/smallvec-1.15.0
+ curl -sL https://crates.io/api/v1/crates/smallvec/1.15.0/download
+ tar xzf -
+ cd /tmp/top100_artifacts/smallvec-1.15.0
+ cargo clean
     Removed 0 files
+ cargo +stable test ''
    Blocking waiting for file lock on package cache
    Updating crates.io index
 Downloading crates ...
  Downloaded debugger_test v0.1.5
  Downloaded anyhow v1.0.97
  Downloaded debugger_test_parser v0.1.3
    Blocking waiting for file lock on package cache
   Compiling proc-macro2 v1.0.94
   Compiling anyhow v1.0.97
   Compiling unicode-ident v1.0.18
   Compiling memchr v2.7.4
   Compiling syn v1.0.109
   Compiling serde v1.0.219
   Compiling regex-syntax v0.8.5
   Compiling aho-corasick v1.1.3
   Compiling quote v1.0.40
   Compiling log v0.4.27
   Compiling smallvec v1.15.0 (/tmp/top100_artifacts/smallvec-1.15.0)
   Compiling regex-automata v0.4.9
   Compiling bincode v1.3.3
   Compiling regex v1.11.1
   Compiling debugger_test v0.1.5
   Compiling debugger_test_parser v0.1.3
    Finished `test` profile [unoptimized + debuginfo] target(s) in 20.05s
     Running unittests src/lib.rs (target/debug/deps/smallvec-b2248266e872e555)

running 62 tests
test tests::drain ... ok
test tests::drain_forget ... ok
test tests::empty_macro ... ok
test tests::grow_spilled_same_size ... ok
test tests::grow_to_shrink ... ok
test tests::insert_many_panic::panic_early_at_start ... ok
test tests::drain_overflow - should panic ... ok
test tests::drain_rev ... ok
test tests::insert_many_panic::panic_late_at_end ... ok
test tests::insert_many_panic::panic_late_at_start ... ok
test tests::insert_many_panic::panic_early_in_middle ... ok
test tests::insert_many_panic::panic_early_at_end ... ok
test tests::into_iter ... ok
test tests::into_iter_rev ... ok
test tests::into_iter_drop ... ok
test tests::max_dont_panic ... ok
test tests::issue_4 ... ok
test tests::issue_5 ... ok
test tests::resumable_extend ... ok
test tests::max_swap_remove - should panic ... ok
test tests::shrink_to_fit_unspill ... ok
test tests::test_borrow ... ok
test tests::test_borrow_mut ... ok
test tests::test_capacity ... ok
test tests::test_clone_from ... ok
test tests::test_dedup ... ok
test tests::test_double_spill ... ok
test tests::test_drop_panic_smallvec - should panic ... ok
test tests::test_eq ... ok
test tests::test_exact_size_iterator ... ok
test tests::test_extend_from_slice ... ok
test tests::test_from ... ok
test tests::test_from_slice ... ok
test tests::test_from_vec ... ok
test tests::test_hash ... ok
test tests::test_inline ... ok
test tests::test_insert_from_slice ... ok
test tests::test_insert_many ... ok
test tests::test_insert_many_long_hint ... ok
test tests::test_insert_many_overflow ... ok
test tests::test_insert_many_short_hint ... ok
test tests::test_insert_out_of_bounds - should panic ... ok
test tests::test_into_inner ... ok
test tests::test_into_iter_as_slice ... ok
test tests::test_into_iter_clone ... ok
test tests::test_into_iter_clone_empty_smallvec ... ok
test tests::test_into_iter_clone_partially_consumed_iterator ... ok
test tests::test_into_vec ... ok
test tests::test_invalid_grow - should panic ... ok
test tests::test_ord ... ok
test tests::test_resize ... ok
test tests::test_retain ... ok
test tests::test_size ... ok
test tests::test_spill ... ok
test tests::test_truncate ... ok
test tests::test_with_capacity ... ok
test tests::test_zero ... ok
test tests::uninhabited ... ok
test tests::zero_size_items ... ok
test tests::max_remove - should panic ... ok
test tests::test_as_mut ... ok
test tests::test_as_ref ... ok

test result: ok. 62 passed; 0 failed; 0 ignored; 0 measured; 0 filtered out; finished in 0.04s

     Running tests/macro.rs (target/debug/deps/macro-9387e25d87a387d9)

running 1 test
test smallvec ... ok

test result: ok. 1 passed; 0 failed; 0 ignored; 0 measured; 0 filtered out; finished in 0.00s

+ RESULT=0
+ cd /tmp/top100_artifacts
+ rm -rf /tmp/top100_artifacts/smallvec-1.15.0
+ exit 0
