[strsim] download directory: /tmp/top100_artifacts/strsim-0.11.1
+ curl -sL https://crates.io/api/v1/crates/strsim/0.11.1/download
+ tar xzf -
+ cd /tmp/top100_artifacts/strsim-0.11.1
+ cargo clean
     Removed 0 files
+ cargo +stable test ''
warning: no edition set: defaulting to the 2015 edition while 2021 is compatible with `rust-version`
   Compiling strsim v0.11.1 (/tmp/top100_artifacts/strsim-0.11.1)
    Finished `test` profile [unoptimized + debuginfo] target(s) in 0.96s
     Running unittests src/lib.rs (target/debug/deps/strsim-96ea121a45afb465)

running 88 tests
test tests::damerau_levenshtein_beginning_transposition ... ok
test tests::damerau_levenshtein_diff ... ok
test tests::damerau_levenshtein_diff_comedians ... ok
test tests::bigrams_iterator ... ok
test tests::damerau_levenshtein_diff_longer ... ok
test tests::damerau_levenshtein_diff_short ... ok
test tests::damerau_levenshtein_diff_reversed ... ok
test tests::damerau_levenshtein_empty ... ok
test tests::damerau_levenshtein_diff_unequal_length ... ok
test tests::damerau_levenshtein_diff_unequal_length_reversed ... ok
test tests::damerau_levenshtein_diff_multibyte ... ok
test tests::damerau_levenshtein_first_empty ... ok
test tests::damerau_levenshtein_end_transposition ... ok
test tests::damerau_levenshtein_unrestricted_edit ... ok
test tests::generic_jaro_diff ... ok
test tests::hamming_diff ... ok
test tests::hamming_diff_multibyte ... ok
test tests::hamming_empty ... ok
test tests::hamming_names ... ok
test tests::hamming_numbers ... ok
test tests::hamming_same ... ok
test tests::hamming_unequal_length ... ok
test tests::jaro_both_empty ... ok
test tests::jaro_diff_no_transposition ... ok
test tests::jaro_diff_one_and_two ... ok
test tests::jaro_diff_one_character ... ok
test tests::jaro_diff_short ... ok
test tests::jaro_diff_two_and_one ... ok
test tests::jaro_diff_with_transposition ... ok
test tests::jaro_first_empty ... ok
test tests::jaro_multibyte ... ok
test tests::jaro_names ... ok
test tests::jaro_same ... ok
test tests::jaro_same_one_character ... ok
test tests::jaro_second_empty ... ok
test tests::jaro_winkler_both_empty ... ok
test tests::jaro_winkler_diff_no_transposition ... ok
test tests::jaro_winkler_diff_one_character ... ok
test tests::jaro_winkler_diff_short ... ok
test tests::jaro_winkler_diff_with_transposition ... ok
test tests::jaro_winkler_first_empty ... ok
test tests::jaro_winkler_length_of_one ... ok
test tests::jaro_winkler_long_prefix ... ok
test tests::jaro_winkler_more_names ... ok
test tests::jaro_winkler_multibyte ... ok
test tests::jaro_winkler_names ... ok
test tests::jaro_winkler_same ... ok
test tests::jaro_winkler_same_one_character ... ok
test tests::jaro_winkler_second_empty ... ok
test tests::jaro_winkler_very_long_prefix ... ok
test tests::levenshtein_diff_longer ... ok
test tests::levenshtein_diff_multibyte ... ok
test tests::levenshtein_diff_short ... ok
test tests::levenshtein_diff_with_space ... ok
test tests::levenshtein_empty ... ok
test tests::levenshtein_first_empty ... ok
test tests::levenshtein_same ... ok
test tests::levenshtein_second_empty ... ok
test tests::normalized_damerau_levenshtein_diff_short ... ok
test tests::normalized_damerau_levenshtein_first_empty ... ok
test tests::normalized_damerau_levenshtein_for_empty_strings ... ok
test tests::normalized_damerau_levenshtein_identical_strings ... ok
test tests::normalized_damerau_levenshtein_second_empty ... ok
test tests::normalized_levenshtein_diff_short ... ok
test tests::normalized_levenshtein_first_empty ... ok
test tests::normalized_levenshtein_for_empty_strings ... ok
test tests::normalized_levenshtein_identical_strings ... ok
test tests::normalized_levenshtein_second_empty ... ok
test tests::osa_distance_beginning_transposition ... ok
test tests::osa_distance_diff ... ok
test tests::osa_distance_diff_comedians ... ok
test tests::osa_distance_diff_longer ... ok
test tests::osa_distance_diff_multibyte ... ok
test tests::osa_distance_diff_reversed ... ok
test tests::osa_distance_diff_short ... ok
test tests::osa_distance_diff_unequal_length ... ok
test tests::osa_distance_diff_unequal_length_reversed ... ok
test tests::osa_distance_empty ... ok
test tests::osa_distance_end_transposition ... ok
test tests::osa_distance_first_empty ... ok
test tests::osa_distance_many_transpositions ... ok
test tests::osa_distance_restricted_edit ... ok
test tests::osa_distance_same ... ok
test tests::osa_distance_second_empty ... ok
test tests::sorensen_dice_all ... ok
test tests::damerau_levenshtein_many_transpositions ... ok
test tests::damerau_levenshtein_same ... ok
test tests::damerau_levenshtein_second_empty ... ok

test result: ok. 88 passed; 0 failed; 0 ignored; 0 measured; 0 filtered out; finished in 0.03s

     Running tests/lib.rs (target/debug/deps/lib-5c5fb1e63ecc2195)

running 8 tests
test damerau_levenshtein_works ... ok
test levenshtein_works ... ok
test normalized_damerau_levenshtein_works ... ok
test normalized_levenshtein_works ... ok
test osa_distance_works ... ok
test hamming_works ... ok
test jaro_winkler_works ... ok
test jaro_works ... ok

test result: ok. 8 passed; 0 failed; 0 ignored; 0 measured; 0 filtered out; finished in 0.01s

+ RESULT=0
+ cd /tmp/top100_artifacts
+ rm -rf /tmp/top100_artifacts/strsim-0.11.1
+ exit 0
