[url] download directory: /tmp/top100_artifacts/url-2.5.4
+ curl -sL https://crates.io/api/v1/crates/url/2.5.4/download
+ tar xzf -
+ cd /tmp/top100_artifacts/url-2.5.4
+ cargo clean
     Removed 0 files
+ cargo +stable test ''
    Updating crates.io index
    Blocking waiting for file lock on package cache
     Locking 68 packages to latest compatible versions
    Blocking waiting for file lock on package cache
   Compiling proc-macro2 v1.0.95
   Compiling unicode-ident v1.0.18
   Compiling stable_deref_trait v1.2.0
   Compiling litemap v0.8.0
   Compiling writeable v0.6.1
   Compiling icu_normalizer_data v2.0.0
   Compiling icu_properties_data v2.0.0
   Compiling smallvec v1.15.0
   Compiling serde v1.0.219
   Compiling serde_json v1.0.140
   Compiling utf8_iter v1.0.4
   Compiling percent-encoding v2.3.1
   Compiling ryu v1.0.20
   Compiling itoa v1.0.15
   Compiling quote v1.0.40
   Compiling form_urlencoded v1.2.1
   Compiling memchr v2.7.4
   Compiling syn v2.0.101
   Compiling bencher v0.1.5
   Compiling synstructure v0.13.2
   Compiling zerofrom-derive v0.1.6
   Compiling yoke-derive v0.8.0
   Compiling zerovec-derive v0.11.1
   Compiling displaydoc v0.2.5
   Compiling serde_derive v1.0.219
   Compiling zerofrom v0.1.6
   Compiling yoke v0.8.0
   Compiling zerovec v0.11.2
   Compiling zerotrie v0.2.2
   Compiling tinystr v0.8.1
   Compiling icu_locale_core v2.0.0
   Compiling potential_utf v0.1.2
   Compiling icu_collections v2.0.0
   Compiling icu_provider v2.0.0
   Compiling icu_properties v2.0.0
   Compiling icu_normalizer v2.0.0
   Compiling idna_adapter v1.2.1
   Compiling idna v1.0.3
   Compiling url v2.5.4 (/tmp/top100_artifacts/url-2.5.4)
    Finished `test` profile [unoptimized + debuginfo] target(s) in 15.52s
     Running unittests src/lib.rs (target/debug/deps/url-03c7b47cfac61e9e)

running 1 test
test slicing::test_count_digits ... ok

test result: ok. 1 passed; 0 failed; 0 ignored; 0 measured; 0 filtered out; finished in 0.00s

     Running tests/unit.rs (target/debug/deps/unit-89b313fa306b6ff3)

running 64 tests
test form_urlencoded_encoding_override ... ok
test append_trailing_slash ... ok
test append_empty_segment_then_mutate ... ok
test extend_query_pairs_then_mutate ... ok
test host_serialization ... ok
test issue_124 ... ok
test from_str ... ok
test host ... ok
test issue_197 ... ok
test issue_241 ... ok
test issue_974 ... ok
test issue_61 ... ok
test issue_864 ... ok
test new_directory_paths ... ok
test new_file_paths ... ok
test new_path_bad_utf8 ... ok
test no_panic ... ok
test parse_with_params ... ok
test path_backslash_fun ... ok
test pop_if_empty_in_bounds ... ok
test size ... ok
test test_authority ... ok
test test_domain ... ok
test test_file_with_drive ... ok
test test_domain_encoding_quirks ... ok
test test_equality ... ok
test test_form_serialize ... ok
test test_file_with_drive_and_path ... ok
test test_form_urlencoded ... ok
test test_fragment ... ok
test test_has_authority ... ok
test test_leading_dots ... ok
test test_no_base_url ... ok
test test_idna ... ok
test test_non_special_path ... ok
test test_non_special_path2 ... ok
test test_null_host_with_leading_empty_path_segment ... ok
test test_non_special_path3 ... ok
test test_options_reuse ... ok
test test_origin_blob_equality ... ok
test test_origin_opaque ... ok
test test_origin_hash ... ok
test test_relative ... ok
test test_query ... ok
test test_relative_empty ... ok
test test_origin_unicode_serialization ... ok
test test_set_empty_host ... ok
test test_serialization ... ok
test test_set_empty_hostname ... ok
test test_set_empty_password ... ok
test test_set_empty_query ... ok
test test_set_empty_username_and_password ... ok
test test_make_relative ... ok
test test_set_host ... ok
test test_set_href ... ok
test test_set_ip_host ... ok
test test_set_scheme_to_file_with_host ... ok
test test_slicing ... ok
test test_strip_trailing_spaces_from_opaque_path ... ok
test test_syntax_violation_callback ... ok
test test_syntax_violation_callback_lifetimes ... ok
test test_url_from_file_path ... ok
test test_syntax_violation_callback_types ... ok
test test_socket_addrs ... ok

test result: ok. 64 passed; 0 failed; 0 ignored; 0 measured; 0 filtered out; finished in 0.00s

     Running tests/wpt.rs (target/debug/deps/url_wpt-8e80bfe831717909)
<http://example\t.\norg> against <http://example.org/foo/bar> ... ✅
<http://user:pass@foo:21/bar;par?b#c> against <http://example.org/foo/bar> ... ✅
<https://test:@test> ... ✅
<https://:@test> ... ✅
<non-special://test:@test/x> ... ✅
<non-special://:@test/x> ... ✅
<http:foo.com> against <http://example.org/foo/bar> ... ✅
<\t   :foo.com   \n> against <http://example.org/foo/bar> ... ✅
< foo.com  > against <http://example.org/foo/bar> ... ✅
<a:\t foo.com> against <http://example.org/foo/bar> ... ✅
<http://f:21/ b ? d # e > against <http://example.org/foo/bar> ... ✅
<lolscheme:x x#x x> ... ✅
<http://f:/c> against <http://example.org/foo/bar> ... ✅
<http://f:0/c> against <http://example.org/foo/bar> ... ✅
<http://f:00000000000000/c> against <http://example.org/foo/bar> ... ✅
<http://f:00000000000000000000080/c> against <http://example.org/foo/bar> ... ✅
<http://f:b/c> against <http://example.org/foo/bar> ... ✅
<http://f: /c> against <http://example.org/foo/bar> ... ✅
<http://f:\n/c> against <http://example.org/foo/bar> ... ✅
<http://f:fifty-two/c> against <http://example.org/foo/bar> ... ✅
<http://f:999999/c> against <http://example.org/foo/bar> ... ✅
<non-special://f:999999/c> against <http://example.org/foo/bar> ... ✅
<http://f: 21 / b ? d # e > against <http://example.org/foo/bar> ... ✅
<> against <http://example.org/foo/bar> ... ✅
<  \t> against <http://example.org/foo/bar> ... ✅
<:foo.com/> against <http://example.org/foo/bar> ... ✅
<:foo.com\\> against <http://example.org/foo/bar> ... ✅
<:> against <http://example.org/foo/bar> ... ✅
<:a> against <http://example.org/foo/bar> ... ✅
<:/> against <http://example.org/foo/bar> ... ✅
<:\\> against <http://example.org/foo/bar> ... ✅
<:#> against <http://example.org/foo/bar> ... ✅
<#> against <http://example.org/foo/bar> ... ✅
<#/> against <http://example.org/foo/bar> ... ✅
<#\\> against <http://example.org/foo/bar> ... ✅
<#;?> against <http://example.org/foo/bar> ... ✅
<?> against <http://example.org/foo/bar> ... ✅
</> against <http://example.org/foo/bar> ... ✅
<:23> against <http://example.org/foo/bar> ... ✅
</:23> against <http://example.org/foo/bar> ... ✅
<\\x> against <http://example.org/foo/bar> ... ✅
<\\\\x\\hello> against <http://example.org/foo/bar> ... ✅
<::> against <http://example.org/foo/bar> ... ✅
<::23> against <http://example.org/foo/bar> ... ✅
<foo://> against <http://example.org/foo/bar> ... ✅
<http://a:b@c:29/d> against <http://example.org/foo/bar> ... ✅
<http::@c:29> against <http://example.org/foo/bar> ... ✅
<http://&a:foo(b]c@d:2/> against <http://example.org/foo/bar> ... ✅
<http://::@c@d:2> against <http://example.org/foo/bar> ... ✅
<http://foo.com:b@d/> against <http://example.org/foo/bar> ... ✅
<http://foo.com/\\@> against <http://example.org/foo/bar> ... ✅
<http:\\\\foo.com\\> against <http://example.org/foo/bar> ... ✅
<http:\\\\a\\b:c\\d@foo.com\\> against <http://example.org/foo/bar> ... ✅
<foo:/> against <http://example.org/foo/bar> ... ✅
<foo:/bar.com/> against <http://example.org/foo/bar> ... ✅
<foo://///////> against <http://example.org/foo/bar> ... ✅
<foo://///////bar.com/> against <http://example.org/foo/bar> ... ✅
<foo:////://///> against <http://example.org/foo/bar> ... ✅
<c:/foo> against <http://example.org/foo/bar> ... ✅
<//foo/bar> against <http://example.org/foo/bar> ... ✅
<http://foo/path;a??e#f#g> against <http://example.org/foo/bar> ... ✅
<http://foo/abcd?efgh?ijkl> against <http://example.org/foo/bar> ... ✅
<http://foo/abcd#foo?bar> against <http://example.org/foo/bar> ... ✅
<[61:24:74]:98> against <http://example.org/foo/bar> ... ✅
<http:[61:27]/:foo> against <http://example.org/foo/bar> ... ✅
<http://[1::2]:3:4> against <http://example.org/foo/bar> ... ✅
<http://2001::1> against <http://example.org/foo/bar> ... ✅
<http://2001::1]> against <http://example.org/foo/bar> ... ✅
<http://2001::1]:80> against <http://example.org/foo/bar> ... ✅
<http://[2001::1]> against <http://example.org/foo/bar> ... ✅
<http://[::127.0.0.1]> against <http://example.org/foo/bar> ... ✅
<http://[::127.0.0.1.]> against <http://example.org/foo/bar> ... ✅
<http://[0:0:0:0:0:0:13.1.68.3]> against <http://example.org/foo/bar> ... ✅
<http://[2001::1]:80> against <http://example.org/foo/bar> ... ✅
<http:/example.com/> against <http://example.org/foo/bar> ... ✅
<ftp:/example.com/> against <http://example.org/foo/bar> ... ✅
<https:/example.com/> against <http://example.org/foo/bar> ... ✅
<madeupscheme:/example.com/> against <http://example.org/foo/bar> ... ✅
<file:/example.com/> against <http://example.org/foo/bar> ... ✅
<file://example:1/> ... ✅
<file://example:test/> ... ✅
<file://example%/> ... ✅
<file://[example]/> ... ✅
<ftps:/example.com/> against <http://example.org/foo/bar> ... ✅
<gopher:/example.com/> against <http://example.org/foo/bar> ... ✅
<ws:/example.com/> against <http://example.org/foo/bar> ... ✅
<wss:/example.com/> against <http://example.org/foo/bar> ... ✅
<data:/example.com/> against <http://example.org/foo/bar> ... ✅
<javascript:/example.com/> against <http://example.org/foo/bar> ... ✅
<mailto:/example.com/> against <http://example.org/foo/bar> ... ✅
<http:example.com/> against <http://example.org/foo/bar> ... ✅
<ftp:example.com/> against <http://example.org/foo/bar> ... ✅
<https:example.com/> against <http://example.org/foo/bar> ... ✅
<madeupscheme:example.com/> against <http://example.org/foo/bar> ... ✅
<ftps:example.com/> against <http://example.org/foo/bar> ... ✅
<gopher:example.com/> against <http://example.org/foo/bar> ... ✅
<ws:example.com/> against <http://example.org/foo/bar> ... ✅
<wss:example.com/> against <http://example.org/foo/bar> ... ✅
<data:example.com/> against <http://example.org/foo/bar> ... ✅
<javascript:example.com/> against <http://example.org/foo/bar> ... ✅
<mailto:example.com/> against <http://example.org/foo/bar> ... ✅
</a/b/c> against <http://example.org/foo/bar> ... ✅
</a/ /c> against <http://example.org/foo/bar> ... ✅
</a%2fc> against <http://example.org/foo/bar> ... ✅
</a/%2f/c> against <http://example.org/foo/bar> ... ✅
<#\u{3b2}> against <http://example.org/foo/bar> ... ✅
<data:text/html,test#test> against <http://example.org/foo/bar> ... ✅
<tel:1234567890> against <http://example.org/foo/bar> ... ✅
<ssh://example.com/foo/bar.git> against <http://example.org/> ... ✅
<file:c:\\foo\\bar.html> against <file:///tmp/mock/path> ... ✅
<  File:c|////foo\\bar.html> against <file:///tmp/mock/path> ... ✅
<C|/foo/bar> against <file:///tmp/mock/path> ... ✅
</C|\\foo\\bar> against <file:///tmp/mock/path> ... ✅
<//C|/foo/bar> against <file:///tmp/mock/path> ... ✅
<//server/file> against <file:///tmp/mock/path> ... ✅
<\\\\server\\file> against <file:///tmp/mock/path> ... ✅
</\\server/file> against <file:///tmp/mock/path> ... ✅
<file:///foo/bar.txt> against <file:///tmp/mock/path> ... ✅
<file:///home/me> against <file:///tmp/mock/path> ... ✅
<//> against <file:///tmp/mock/path> ... ✅
<///> against <file:///tmp/mock/path> ... ✅
<///test> against <file:///tmp/mock/path> ... ✅
<file://test> against <file:///tmp/mock/path> ... ✅
<file://localhost> against <file:///tmp/mock/path> ... ✅
<file://localhost/> against <file:///tmp/mock/path> ... ✅
<file://localhost/test> against <file:///tmp/mock/path> ... ✅
<test> against <file:///tmp/mock/path> ... ✅
<file:test> against <file:///tmp/mock/path> ... ✅
<http://example.com/././foo> ... ✅
<http://example.com/./.foo> ... ✅
<http://example.com/foo/.> ... ✅
<http://example.com/foo/./> ... ✅
<http://example.com/foo/bar/..> ... ✅
<http://example.com/foo/bar/../> ... ✅
<http://example.com/foo/..bar> ... ✅
<http://example.com/foo/bar/../ton> ... ✅
<http://example.com/foo/bar/../ton/../../a> ... ✅
<http://example.com/foo/../../..> ... ✅
<http://example.com/foo/../../../ton> ... ✅
<http://example.com/foo/%2e> ... ✅
<http://example.com/foo/%2e%2> ... ✅
<http://example.com/foo/%2e./%2e%2e/.%2e/%2e.bar> ... ✅
<http://example.com////../..> ... ✅
<http://example.com/foo/bar//../..> ... ✅
<http://example.com/foo/bar//..> ... ✅
<http://example.com/foo> ... ✅
<http://example.com/%20foo> ... ✅
<http://example.com/foo%> ... ✅
<http://example.com/foo%2> ... ✅
<http://example.com/foo%2zbar> ... ✅
<http://example.com/foo%2\u{c2}\u{a9}zbar> ... ✅
<http://example.com/foo%41%7a> ... ✅
<http://example.com/foo\t\u{91}%91> ... ✅
<http://example.com/foo%00%51> ... ✅
<http://example.com/(%28:%3A%29)> ... ✅
<http://example.com/%3A%3a%3C%3c> ... ✅
<http://example.com/foo\tbar> ... ✅
<http://example.com\\\\foo\\\\bar> ... ✅
<http://example.com/%7Ffp3%3Eju%3Dduvgw%3Dd> ... ✅
<http://example.com/@asdf%40> ... ✅
<http://example.com/\u{4f60}\u{597d}\u{4f60}\u{597d}> ... ✅
<http://example.com/\u{2025}/foo> ... ✅
<http://example.com/\u{feff}/foo> ... ✅
<http://example.com/\u{202e}/foo/\u{202d}/bar> ... ✅
<http://www.google.com/foo?bar=baz#> ... ✅
<http://www.google.com/foo?bar=baz# \u{bb}> ... ✅
<data:test# \u{bb}> ... ✅
<http://www.google.com> ... ✅
<http://192.0x00A80001> ... ✅
<http://www/foo%2Ehtml> ... ✅
<http://www/foo/%2E/html> ... ✅
<http://user:pass@/> ... ✅
<http://%25DOMAIN:foobar@foodomain.com/> ... ✅
<http:\\\\www.google.com\\foo> ... ✅
<http://foo:80/> ... ✅
<http://foo:81/> ... ✅
<httpa://foo:80/> ... ✅
<http://foo:-80/> ... ✅
<https://foo:443/> ... ✅
<https://foo:80/> ... ✅
<ftp://foo:21/> ... ✅
<ftp://foo:80/> ... ✅
<gopher://foo:70/> ... ✅
<gopher://foo:443/> ... ✅
<ws://foo:80/> ... ✅
<ws://foo:81/> ... ✅
<ws://foo:443/> ... ✅
<ws://foo:815/> ... ✅
<wss://foo:80/> ... ✅
<wss://foo:81/> ... ✅
<wss://foo:443/> ... ✅
<wss://foo:815/> ... ✅
<http:/example.com/> ... ✅
<ftp:/example.com/> ... ✅
<https:/example.com/> ... ✅
<madeupscheme:/example.com/> ... ✅
<file:/example.com/> ... ✅
<ftps:/example.com/> ... ✅
<gopher:/example.com/> ... ✅
<ws:/example.com/> ... ✅
<wss:/example.com/> ... ✅
<data:/example.com/> ... ✅
<javascript:/example.com/> ... ✅
<mailto:/example.com/> ... ✅
<http:example.com/> ... ✅
<ftp:example.com/> ... ✅
<https:example.com/> ... ✅
<madeupscheme:example.com/> ... ✅
<ftps:example.com/> ... ✅
<gopher:example.com/> ... ✅
<ws:example.com/> ... ✅
<wss:example.com/> ... ✅
<data:example.com/> ... ✅
<javascript:example.com/> ... ✅
<mailto:example.com/> ... ✅
<http:@www.example.com> ... ✅
<http:/@www.example.com> ... ✅
<http://@www.example.com> ... ✅
<http:a:b@www.example.com> ... ✅
<http:/a:b@www.example.com> ... ✅
<http://a:b@www.example.com> ... ✅
<http://@pple.com> ... ✅
<http::b@www.example.com> ... ✅
<http:/:b@www.example.com> ... ✅
<http://:b@www.example.com> ... ✅
<http:/:@/www.example.com> ... ✅
<http://user@/www.example.com> ... ✅
<http:@/www.example.com> ... ✅
<http:/@/www.example.com> ... ✅
<http://@/www.example.com> ... ✅
<https:@/www.example.com> ... ✅
<http:a:b@/www.example.com> ... ✅
<http:/a:b@/www.example.com> ... ✅
<http://a:b@/www.example.com> ... ✅
<http::@/www.example.com> ... ✅
<http:a:@www.example.com> ... ✅
<http:/a:@www.example.com> ... ✅
<http://a:@www.example.com> ... ✅
<http://www.@pple.com> ... ✅
<http:@:www.example.com> ... ✅
<http:/@:www.example.com> ... ✅
<http://@:www.example.com> ... ✅
<http://:@www.example.com> ... ✅
</> against <http://www.example.com/test> ... ✅
</test.txt> against <http://www.example.com/test> ... ✅
<.> against <http://www.example.com/test> ... ✅
<..> against <http://www.example.com/test> ... ✅
<test.txt> against <http://www.example.com/test> ... ✅
<./test.txt> against <http://www.example.com/test> ... ✅
<../test.txt> against <http://www.example.com/test> ... ✅
<../aaa/test.txt> against <http://www.example.com/test> ... ✅
<../../test.txt> against <http://www.example.com/test> ... ✅
<\u{4e2d}/test.txt> against <http://www.example.com/test> ... ✅
<http://www.example2.com> against <http://www.example.com/test> ... ✅
<//www.example2.com> against <http://www.example.com/test> ... ✅
<file:...> against <http://www.example.com/test> ... ✅
<file:..> against <http://www.example.com/test> ... ✅
<file:a> against <http://www.example.com/test> ... ✅
<http://ExAmPlE.CoM> against <http://other.com/> ... ✅
<http://example example.com> against <http://other.com/> ... ✅
<http://Goo%20 goo%7C|.com> against <http://other.com/> ... ✅
<http://[]> against <http://other.com/> ... ✅
<http://[:]> against <http://other.com/> ... ✅
<http://GOO\u{a0}\u{3000}goo.com> against <http://other.com/> ... ✅
<http://GOO\u{200b}\u{2060}\u{feff}goo.com> against <http://other.com/> ... ✅
<\u{0}\u{1b}\u{4}\u{12} http://example.com/\u{1f} \r > ... ✅
<http://www.foo\u{3002}bar.com> against <http://other.com/> ... ✅
<http://\u{fdd0}zyx.com> against <http://other.com/> ... ✅
<http://%ef%b7%90zyx.com> against <http://other.com/> ... ✅
<https://\u{fffd}> ... ✅
<https://%EF%BF%BD> ... ✅
<https://x/\u{fffd}?\u{fffd}#\u{fffd}> ... ✅
<http://a.b.c.xn--pokxncvks> ... ✅
<http://10.0.0.xn--pokxncvks> ... ✅
<http://a.b.c.XN--pokxncvks> ... ✅
<http://a.b.c.Xn--pokxncvks> ... ✅
<http://10.0.0.XN--pokxncvks> ... ✅
<http://10.0.0.xN--pokxncvks> ... ✅
<http://\u{ff27}\u{ff4f}.com> against <http://other.com/> ... ✅
<http://\u{ff05}\u{ff14}\u{ff11}.com> against <http://other.com/> ... ✅
<http://%ef%bc%85%ef%bc%94%ef%bc%91.com> against <http://other.com/> ... ✅
<http://\u{ff05}\u{ff10}\u{ff10}.com> against <http://other.com/> ... ✅
<http://%ef%bc%85%ef%bc%90%ef%bc%90.com> against <http://other.com/> ... ✅
<http://\u{4f60}\u{597d}\u{4f60}\u{597d}> against <http://other.com/> ... ✅
<https://fa\u{df}.ExAmPlE/> ... ✅
<sc://fa\u{df}.ExAmPlE/> ... ✅
<http://%zz%66%a.com> against <http://other.com/> ... ✅
<http://%25> against <http://other.com/> ... ✅
<http://hello%00> against <http://other.com/> ... ✅
<http://%30%78%63%30%2e%30%32%35%30.01> against <http://other.com/> ... ✅
<http://%30%78%63%30%2e%30%32%35%30.01%2e> against <http://other.com/> ... ✅
<http://192.168.0.257> against <http://other.com/> ... ✅
<http://%3g%78%63%30%2e%30%32%35%30%2E.01> against <http://other.com/> ... ✅
<http://192.168.0.1 hello> against <http://other.com/> ... ✅
<https://x x:12> ... ✅
<http://\u{ff10}\u{ff38}\u{ff43}\u{ff10}\u{ff0e}\u{ff10}\u{ff12}\u{ff15}\u{ff10}\u{ff0e}\u{ff10}\u{ff11}> against <http://other.com/> ... ✅
<http://./> ... ✅
<http://../> ... ✅
<h://.> ... ✅
<http://[www.google.com]/> ... ✅
<http://[google.com]> against <http://other.com/> ... ✅
<http://[::1.2.3.4x]> against <http://other.com/> ... ✅
<http://[::1.2.3.]> against <http://other.com/> ... ✅
<http://[::1.2.]> against <http://other.com/> ... ✅
<http://[::.1.2]> against <http://other.com/> ... ✅
<http://[::1.]> against <http://other.com/> ... ✅
<http://[::.1]> against <http://other.com/> ... ✅
<http://[::%31]> against <http://other.com/> ... ✅
<http://%5B::1]> against <http://other.com/> ... ✅
<http://foo:\u{1f4a9}@example.com/bar> against <http://other.com/> ... ✅
<#> against <test:test> ... ✅
<#x> against <mailto:x@x.com> ... ✅
<#x> against <data:,> ... ✅
<#x> against <about:blank> ... ✅
<#x:y> against <about:blank> ... ✅
<#> against <test:test?test> ... ✅
<https://@test@test@example:800/> against <http://doesnotmatter/> ... ✅
<https://@@@example> against <http://doesnotmatter/> ... ✅
<http://`{}:`{}@h/`{}?`{}> against <http://doesnotmatter/> ... ✅
<http://host/?\'> ... ✅
<notspecial://host/?\'> ... ✅
</some/path> against <http://user@example.org/smth> ... ✅
<> against <http://user:pass@example.org:21/smth> ... ✅
</some/path> against <http://user:pass@example.org:21/smth> ... ✅
<i> against <sc:sd> ... ✅
<i> against <sc:sd/sd> ... ✅
<i> against <sc:/pa/pa> ... ✅
<i> against <sc://ho/pa> ... ✅
<i> against <sc:///pa/pa> ... ✅
<../i> against <sc:sd> ... ✅
<../i> against <sc:sd/sd> ... ✅
<../i> against <sc:/pa/pa> ... ✅
<../i> against <sc://ho/pa> ... ✅
<../i> against <sc:///pa/pa> ... ✅
</i> against <sc:sd> ... ✅
</i> against <sc:sd/sd> ... ✅
</i> against <sc:/pa/pa> ... ✅
</i> against <sc://ho/pa> ... ✅
</i> against <sc:///pa/pa> ... ✅
<?i> against <sc:sd> ... ✅
<?i> against <sc:sd/sd> ... ✅
<?i> against <sc:/pa/pa> ... ✅
<?i> against <sc://ho/pa> ... ✅
<?i> against <sc:///pa/pa> ... ✅
<#i> against <sc:sd> ... ✅
<#i> against <sc:sd/sd> ... ✅
<#i> against <sc:/pa/pa> ... ✅
<#i> against <sc://ho/pa> ... ✅
<#i> against <sc:///pa/pa> ... ✅
<about:/../> ... ✅
<data:/../> ... ✅
<javascript:/../> ... ✅
<mailto:/../> ... ✅
<sc://\u{f1}.test/> ... ✅
<sc://%/> ... ✅
<sc://@/> ... ✅
<sc://te@s:t@/> ... ✅
<sc://:/> ... ✅
<sc://:12/> ... ✅
<x> against <sc://\u{f1}> ... ✅
<sc:\\../> ... ✅
<sc::a@example.net> ... ✅
<wow:%NBD> ... ✅
<wow:%1G> ... ✅
<wow:\u{ffff}> ... ✅
<sc://a\u{0}b/> ... ✅
<sc://a b/> ... ✅
<sc://a<b> ... ✅
<sc://a>b> ... ✅
<sc://a[b/> ... ✅
<sc://a\\b/> ... ✅
<sc://a]b/> ... ✅
<sc://a^b> ... ✅
<sc://a|b/> ... ✅
<foo://ho\tst/> ... ✅
<foo://ho\nst/> ... ✅
<foo://ho\rst/> ... ✅
<http://a\u{0}b/> ... ✅
<http://a\u{1}b/> ... ✅
<http://a\u{2}b/> ... ✅
<http://a\u{3}b/> ... ✅
<http://a\u{4}b/> ... ✅
<http://a\u{5}b/> ... ✅
<http://a\u{6}b/> ... ✅
<http://a\u{7}b/> ... ✅
<http://a\u{8}b/> ... ✅
<http://a\u{b}b/> ... ✅
<http://a\u{c}b/> ... ✅
<http://a\u{e}b/> ... ✅
<http://a\u{f}b/> ... ✅
<http://a\u{10}b/> ... ✅
<http://a\u{11}b/> ... ✅
<http://a\u{12}b/> ... ✅
<http://a\u{13}b/> ... ✅
<http://a\u{14}b/> ... ✅
<http://a\u{15}b/> ... ✅
<http://a\u{16}b/> ... ✅
<http://a\u{17}b/> ... ✅
<http://a\u{18}b/> ... ✅
<http://a\u{19}b/> ... ✅
<http://a\u{1a}b/> ... ✅
<http://a\u{1b}b/> ... ✅
<http://a\u{1c}b/> ... ✅
<http://a\u{1d}b/> ... ✅
<http://a\u{1e}b/> ... ✅
<http://a\u{1f}b/> ... ✅
<http://a b/> ... ✅
<http://a%b/> ... ✅
<http://a<b> ... ✅
<http://a>b> ... ✅
<http://a[b/> ... ✅
<http://a]b/> ... ✅
<http://a^b> ... ✅
<http://a|b/> ... ✅
<http://a\u{7f}b/> ... ✅
<http://ho\tst/> ... ✅
<http://ho\nst/> ... ✅
<http://ho\rst/> ... ✅
<http://ho%00st/> ... ✅
<http://ho%01st/> ... ✅
<http://ho%02st/> ... ✅
<http://ho%03st/> ... ✅
<http://ho%04st/> ... ✅
<http://ho%05st/> ... ✅
<http://ho%06st/> ... ✅
<http://ho%07st/> ... ✅
<http://ho%08st/> ... ✅
<http://ho%09st/> ... ✅
<http://ho%0Ast/> ... ✅
<http://ho%0Bst/> ... ✅
<http://ho%0Cst/> ... ✅
<http://ho%0Dst/> ... ✅
<http://ho%0Est/> ... ✅
<http://ho%0Fst/> ... ✅
<http://ho%10st/> ... ✅
<http://ho%11st/> ... ✅
<http://ho%12st/> ... ✅
<http://ho%13st/> ... ✅
<http://ho%14st/> ... ✅
<http://ho%15st/> ... ✅
<http://ho%16st/> ... ✅
<http://ho%17st/> ... ✅
<http://ho%18st/> ... ✅
<http://ho%19st/> ... ✅
<http://ho%1Ast/> ... ✅
<http://ho%1Bst/> ... ✅
<http://ho%1Cst/> ... ✅
<http://ho%1Dst/> ... ✅
<http://ho%1Est/> ... ✅
<http://ho%1Fst/> ... ✅
<http://ho%20st/> ... ✅
<http://ho%23st/> ... ✅
<http://ho%25st/> ... ✅
<http://ho%2Fst/> ... ✅
<http://ho%3Ast/> ... ✅
<http://ho%3Cst/> ... ✅
<http://ho%3Est/> ... ✅
<http://ho%3Fst/> ... ✅
<http://ho%40st/> ... ✅
<http://ho%5Bst/> ... ✅
<http://ho%5Cst/> ... ✅
<http://ho%5Dst/> ... ✅
<http://ho%7Cst/> ... ✅
<http://ho%7Fst/> ... ✅
<http://!\"$&\'()*+,-.;=_`{}~/> ... ✅
<sc://\u{1}\u{2}\u{3}\u{4}\u{5}\u{6}\u{7}\u{8}\u{b}\u{c}\u{e}\u{f}\u{10}\u{11}\u{12}\u{13}\u{14}\u{15}\u{16}\u{17}\u{18}\u{19}\u{1a}\u{1b}\u{1c}\u{1d}\u{1e}\u{1f}\u{7f}!\"$%&\'()*+,-.;=_`{}~/> ... ✅
<ftp://example.com%80/> ... ✅
<ftp://example.com%A0/> ... ✅
<https://example.com%80/> ... ✅
<https://example.com%A0/> ... ✅
<ftp://%e2%98%83> ... ✅
<https://%e2%98%83> ... ✅
<http://127.0.0.1:10100/relative_import.html> ... ✅
<http://facebook.com/?foo=%7B%22abc%22> ... ✅
<https://localhost:3000/jqueryui@1.2.3> ... ✅
<h\tt\nt\rp://h\to\ns\rt:9\t0\n0\r0/p\ta\nt\rh?q\tu\ne\rry#f\tr\na\rg> ... ✅
<?a=b&c=d> against <http://example.org/foo/bar> ... ✅
<??a=b&c=d> against <http://example.org/foo/bar> ... ✅
<http:> against <http://example.org/foo/bar> ... ✅
<http:> against <https://example.org/foo/bar> ... ✅
<sc:> against <https://example.org/foo/bar> ... ✅
<http://foo.bar/baz?qux#foo\u{8}bar> ... ✅
<http://foo.bar/baz?qux#foo\"bar> ... ✅
<http://foo.bar/baz?qux#foo<bar> ... ✅
<http://foo.bar/baz?qux#foo>bar> ... ✅
<http://foo.bar/baz?qux#foo`bar> ... ✅
<http://1.2.3.4/> against <http://other.com/> ... ✅
<http://1.2.3.4./> against <http://other.com/> ... ✅
<http://192.168.257> against <http://other.com/> ... ✅
<http://192.168.257.> against <http://other.com/> ... ✅
<http://192.168.257.com> against <http://other.com/> ... ✅
<http://256> against <http://other.com/> ... ✅
<http://256.com> against <http://other.com/> ... ✅
<http://999999999> against <http://other.com/> ... ✅
<http://999999999.> against <http://other.com/> ... ✅
<http://999999999.com> against <http://other.com/> ... ✅
<http://10000000000> against <http://other.com/> ... ✅
<http://10000000000.com> against <http://other.com/> ... ✅
<http://4294967295> against <http://other.com/> ... ✅
<http://4294967296> against <http://other.com/> ... ✅
<http://0xffffffff> against <http://other.com/> ... ✅
<http://0xffffffff1> against <http://other.com/> ... ✅
<http://256.256.256.256> against <http://other.com/> ... ✅
<https://0x.0x.0> ... ✅
<https://0x100000000/test> ... ✅
<https://256.0.0.1/test> ... ✅
<file:///C%3A/> ... ✅
<file:///C%7C/> ... ✅
<file://%43%3A> ... ✅
<file://%43%7C> ... ✅
<file://%43|> ... ✅
<file://C%7C> ... ✅
<file://%43%7C/> ... ✅
<https://%43%7C/> ... ✅
<asdf://%43|/> ... ✅
<asdf://%43%7C/> ... ✅
<pix/submit.gif> against <file:///C:/Users/Domenic/Dropbox/GitHub/tmpvar/jsdom/test/level2/html/files/anchor.html> ... ✅
<..> against <file:///C:/> ... ✅
<..> against <file:///> ... ✅
</> against <file:///C:/a/b> ... ✅
</> against <file://h/C:/a/b> ... ✅ (expected fail)
</> against <file://h/a/b> ... ✅
<//d:> against <file:///C:/a/b> ... ✅
<//d:/..> against <file:///C:/a/b> ... ✅
<..> against <file:///ab:/> ... ✅
<..> against <file:///1:/> ... ✅
<> against <file:///test?test#test> ... ✅
<file:> against <file:///test?test#test> ... ✅
<?x> against <file:///test?test#test> ... ✅
<file:?x> against <file:///test?test#test> ... ✅
<#x> against <file:///test?test#test> ... ✅
<file:#x> against <file:///test?test#test> ... ✅
<file:\\\\//> ... ✅ (expected fail)
<file:\\\\\\\\> ... ✅ (expected fail)
<file:\\\\\\\\?fox> ... ✅ (expected fail)
<file:\\\\\\\\#guppy> ... ✅ (expected fail)
<file://spider///> ... ✅ (expected fail)
<file:\\\\localhost//> ... ✅ (expected fail)
<file:///localhost//cat> ... ✅
<file://\\/localhost//cat> ... ✅ (expected fail)
<file://localhost//a//../..//> ... ✅ (expected fail)
</////mouse> against <file:///elephant> ... ✅ (expected fail)
<\\//pig> against <file://lion/> ... ✅
<\\/localhost//pig> against <file://lion/> ... ✅ (expected fail)
<//localhost//pig> against <file://lion/> ... ✅ (expected fail)
</..//localhost//pig> against <file://lion/> ... ✅ (expected fail)
<file://> against <file://ape/> ... ✅
</rooibos> against <file://tea/> ... ✅
</?chai> against <file://tea/> ... ✅
<C|> against <file://host/dir/file> ... ✅ (expected fail)
<C|> against <file://host/D:/dir1/dir2/file> ... ✅ (expected fail)
<C|#> against <file://host/dir/file> ... ✅ (expected fail)
<C|?> against <file://host/dir/file> ... ✅ (expected fail)
<C|/> against <file://host/dir/file> ... ✅ (expected fail)
<C|\n/> against <file://host/dir/file> ... ✅ (expected fail)
<C|\\> against <file://host/dir/file> ... ✅ (expected fail)
<C> against <file://host/dir/file> ... ✅
<C|a> against <file://host/dir/file> ... ✅
</c:/foo/bar> against <file:///c:/baz/qux> ... ✅
</c|/foo/bar> against <file:///c:/baz/qux> ... ✅
<file:\\c:\\foo\\bar> against <file:///c:/baz/qux> ... ✅
</c:/foo/bar> against <file://host/path> ... ✅ (expected fail)
<file://example.net/C:/> ... ✅ (expected fail)
<file://1.2.3.4/C:/> ... ✅ (expected fail)
<file://[1::8]/C:/> ... ✅ (expected fail)
<C|/> against <file://host/> ... ✅ (expected fail)
</C:/> against <file://host/> ... ✅ (expected fail)
<file:C:/> against <file://host/> ... ✅ (expected fail)
<file:/C:/> against <file://host/> ... ✅ (expected fail)
<//C:/> against <file://host/> ... ✅
<file://C:/> against <file://host/> ... ✅
<///C:/> against <file://host/> ... ✅
<file:///C:/> against <file://host/> ... ✅
<file:/C|/> ... ✅
<file://C|/> ... ✅
<file:> ... ✅
<file:?q=v> ... ✅
<file:#frag> ... ✅
<file:///Y:> ... ✅
<file:///Y:/> ... ✅
<file:///./Y> ... ✅
<file:///./Y:> ... ✅
<\\\\\\.\\Y:> ... ✅
<file:///y:> ... ✅
<file:///y:/> ... ✅
<file:///./y> ... ✅
<file:///./y:> ... ✅
<\\\\\\.\\y:> ... ✅
<file://localhost//a//../..//foo> ... ✅ (expected fail)
<file://localhost////foo> ... ✅ (expected fail)
<file:////foo> ... ✅ (expected fail)
<file:///one/two> against <file:///> ... ✅
<file:////one/two> against <file:///> ... ✅ (expected fail)
<//one/two> against <file:///> ... ✅
<///one/two> against <file:///> ... ✅
<////one/two> against <file:///> ... ✅ (expected fail)
<file:///.//> against <file:////> ... ✅ (expected fail)
<file:.//p> ... ✅ (expected fail)
<file:/.//p> ... ✅ (expected fail)
<http://[1:0::]> against <http://example.net/> ... ✅
<http://[0:1:2:3:4:5:6:7:8]> against <http://example.net/> ... ✅
<https://[0::0::0]> ... ✅
<https://[0:.0]> ... ✅
<https://[0:0:]> ... ✅
<https://[0:1:2:3:4:5:6:7.0.0.0.1]> ... ✅
<https://[0:1.00.0.0.0]> ... ✅
<https://[0:1.290.0.0.0]> ... ✅
<https://[0:1.23.23]> ... ✅
<http://?> ... ✅
<http://#> ... ✅
<http://f:4294967377/c> against <http://example.org/> ... ✅
<http://f:18446744073709551697/c> against <http://example.org/> ... ✅
<http://f:340282366920938463463374607431768211537/c> against <http://example.org/> ... ✅
<sc://\u{f1}> ... ✅
<sc://\u{f1}?x> ... ✅
<sc://\u{f1}#x> ... ✅
<#x> against <sc://\u{f1}> ... ✅
<?x> against <sc://\u{f1}> ... ✅
<sc://?> ... ✅
<sc://#> ... ✅
<///> against <sc://x/> ... ✅
<////> against <sc://x/> ... ✅
<////x/> against <sc://x/> ... ✅
<tftp://foobar.com/someconfig;mode=netascii> ... ✅
<telnet://user:pass@foobar.com:23/> ... ✅
<ut2004://10.10.10.10:7777/Index.ut2> ... ✅
<redis://foo:bar@somehost:6379/0?baz=bam&qux=baz> ... ✅
<rsync://foo@host:911/sup> ... ✅
<git://github.com/foo/bar.git> ... ✅
<irc://myserver.com:6999/channel?passwd> ... ✅
<dns://fw.example.org:9999/foo.bar.org?type=TXT> ... ✅
<ldap://localhost:389/ou=People,o=JNDITutorial> ... ✅
<git+https://github.com/foo/bar> ... ✅
<urn:ietf:rfc:2648> ... ✅
<tag:joe@example.org,2001:foo/bar> ... ✅
<non-spec:/.//> ... ✅
<non-spec:/..//> ... ✅
<non-spec:/a/..//> ... ✅
<non-spec:/.//path> ... ✅
<non-spec:/..//path> ... ✅
<non-spec:/a/..//path> ... ✅
</.//path> against <non-spec:/p> ... ✅
</..//path> against <non-spec:/p> ... ✅
<..//path> against <non-spec:/p> ... ✅
<a/..//path> against <non-spec:/p> ... ✅
<> against <non-spec:/..//p> ... ✅
<path> against <non-spec:/..//p> ... ✅
<../path> against <non-spec:/.//p> ... ✅
<non-special://%E2%80%A0/> ... ✅
<non-special://H%4fSt/path> ... ✅
<non-special://[1:2:0:0:5:0:0:0]/> ... ✅
<non-special://[1:2:0:0:0:0:0:3]/> ... ✅
<non-special://[1:2::3]:80/> ... ✅
<non-special://[:80/> ... ✅
<blob:https://example.com:443/> ... ✅
<blob:http://example.org:88/> ... ✅
<blob:d3958f5c-0777-0845-9dcf-2cb28783acaf> ... ✅
<blob:> ... ✅
<blob:blob:> ... ✅
<blob:blob:https://example.org/> ... ✅
<blob:about:blank> ... ✅
<blob:file://host/path> ... ✅
<blob:ftp://host/path> ... ✅
<blob:ws://example.org/> ... ✅
<blob:wss://example.org/> ... ✅
<blob:http%3a//example.org/> ... ✅
<http://0x7f.0.0.0x7g> ... ✅
<http://0X7F.0.0.0X7G> ... ✅
<http://[::127.0.0.0.1]> ... ✅
<http://[0:1:0:1:0:1:0:1]> ... ✅
<http://[1:0:1:0:1:0:1:0]> ... ✅
<http://example.org/test?\"> ... ✅
<http://example.org/test?#> ... ✅
<http://example.org/test?<> ... ✅
<http://example.org/test?>> ... ✅
<http://example.org/test?\u{2323}> ... ✅
<http://example.org/test?%23%23> ... ✅
<http://example.org/test?%GH> ... ✅
<http://example.org/test?a#%EF> ... ✅
<http://example.org/test?a#%GH> ... ✅
<a> ... ✅
<a/> ... ✅
<a//> ... ✅
<test-a-colon.html> against <a:> ... ✅
<test-a-colon-b.html> against <a:b> ... ✅
<test-a-colon-slash.html> against <a:/> ... ✅
<test-a-colon-slash-slash.html> against <a://> ... ✅
<test-a-colon-slash-b.html> against <a:/b> ... ✅
<test-a-colon-slash-slash-b.html> against <a://b> ... ✅
<http://example.org/test?a#b\u{0}c> ... ✅
<non-spec://example.org/test?a#b\u{0}c> ... ✅
<non-spec:/test?a#b\u{0}c> ... ✅
<10.0.0.7:8080/foo.html> against <file:///some/dir/bar.html> ... ✅
<a!@$*=/foo.html> against <file:///some/dir/bar.html> ... ✅
<a1234567890-+.:foo/bar> against <http://example.com/dir/file> ... ✅
<file://a\u{ad}b/p> ... ✅
<file://a%C2%ADb/p> ... ✅
<file://loC\u{1d400}\u{1d40b}\u{1d407}\u{1d428}\u{1d42c}\u{1d42d}/usr/bin> ... ✅
<file://\u{ad}/p> ... ✅
<file://%C2%AD/p> ... ✅
<file://xn--/p> ... ✅
<#link> against <https://example.org/##link> ... ✅
<non-special:cannot-be-a-base-url-\u{0}\u{1}\u{1f}\u{1e}~\u{7f}\u{80}> ... ✅
<https://www.example.com/path{\u{7f}path.html?query\'\u{7f}=query#fragment<\u{7f}fragment> ... ✅
<https://user:pass[\u{7f}@foo/bar> against <http://example.org> ... ✅
<foo:// !\"$%&\'()*+,-.;<=>@[\\]^_`{|}~@host/> ... ✅
<wss:// !\"$%&\'()*+,-.;<=>@[]^_`{|}~@host/> ... ✅
<foo://joe: !\"$%&\'()*+,-.:;<=>@[\\]^_`{|}~@host/> ... ✅
<wss://joe: !\"$%&\'()*+,-.:;<=>@[]^_`{|}~@host/> ... ✅
<foo://!\"$%&\'()*+,-.;=_`{}~/> ... ✅
<wss://!\"$&\'()*+,-.;=_`{}~/> ... ✅
<foo://host/ !\"$%&\'()*+,-./:;<=>@[\\]^_`{|}~> ... ✅
<wss://host/ !\"$%&\'()*+,-./:;<=>@[\\]^_`{|}~> ... ✅
<foo://host/dir/? !\"$%&\'()*+,-./:;<=>?@[\\]^_`{|}~> ... ✅
<wss://host/dir/? !\"$%&\'()*+,-./:;<=>?@[\\]^_`{|}~> ... ✅
<foo://host/dir/# !\"#$%&\'()*+,-./:;<=>?@[\\]^_`{|}~> ... ✅
<wss://host/dir/# !\"#$%&\'()*+,-./:;<=>?@[\\]^_`{|}~> ... ✅
<abc:rootless> against <abc://host/path> ... ✅
<abc:rootless> against <abc:/path> ... ✅
<abc:rootless> against <abc:path> ... ✅
<abc:/rooted> against <abc://host/path> ... ✅
<#> ... ✅
<?> ... ✅
<http://1.2.3.4.5> against <http://other.com/> ... ✅
<http://1.2.3.4.5.> against <http://other.com/> ... ✅
<http://0..0x300/> ... ✅
<http://0..0x300./> ... ✅
<http://256.256.256.256.256> against <http://other.com/> ... ✅
<http://256.256.256.256.256.> against <http://other.com/> ... ✅
<http://1.2.3.08> ... ✅
<http://1.2.3.08.> ... ✅
<http://1.2.3.09> ... ✅
<http://09.2.3.4> ... ✅
<http://09.2.3.4.> ... ✅
<http://01.2.3.4.5> ... ✅
<http://01.2.3.4.5.> ... ✅
<http://0x100.2.3.4> ... ✅
<http://0x100.2.3.4.> ... ✅
<http://0x1.2.3.4.5> ... ✅
<http://0x1.2.3.4.5.> ... ✅
<http://foo.1.2.3.4> ... ✅
<http://foo.1.2.3.4.> ... ✅
<http://foo.2.3.4> ... ✅
<http://foo.2.3.4.> ... ✅
<http://foo.09> ... ✅
<http://foo.09.> ... ✅
<http://foo.0x4> ... ✅
<http://foo.0x4.> ... ✅
<http://foo.09..> ... ✅
<http://0999999999999999999/> ... ✅
<http://foo.0x> ... ✅
<http://foo.0XFfFfFfFfFfFfFfFfFfAcE123> ... ✅
<http://\u{1f4a9}.123/> ... ✅
<https://\u{0}y> ... ✅
<https://x/\u{0}y> ... ✅
<https://x/?\u{0}y> ... ✅
<https://x/?#\u{0}y> ... ✅
<https://\u{ffff}y> ... ✅
<https://x/\u{ffff}y> ... ✅
<https://x/?\u{ffff}y> ... ✅
<https://x/?#\u{ffff}y> ... ✅
<non-special:\u{0}y> ... ✅
<non-special:x/\u{0}y> ... ✅
<non-special:x/?\u{0}y> ... ✅
<non-special:x/?#\u{0}y> ... ✅
<non-special:\u{ffff}y> ... ✅
<non-special:x/\u{ffff}y> ... ✅
<non-special:x/?\u{ffff}y> ... ✅
<non-special:x/?#\u{ffff}y> ... ✅
<> ... ✅
<https://example.com/\"quoted\"> ... ✅
<https://a%C2%ADb/> ... ✅
<https://\u{ad}/> ... ✅
<https://%C2%AD/> ... ✅
<https://xn--/> ... ✅
<data://example.com:8080/pathname?search#hash> ... ✅
<data:///test> ... ✅
<data://test/a/../b> ... ✅
<data://:443> ... ✅
<data://test:test> ... ✅
<data://[:1]> ... ✅
<javascript://example.com:8080/pathname?search#hash> ... ✅
<javascript:///test> ... ✅
<javascript://test/a/../b> ... ✅
<javascript://:443> ... ✅
<javascript://test:test> ... ✅
<javascript://[:1]> ... ✅
<mailto://example.com:8080/pathname?search#hash> ... ✅
<mailto:///test> ... ✅
<mailto://test/a/../b> ... ✅
<mailto://:443> ... ✅
<mailto://test:test> ... ✅
<mailto://[:1]> ... ✅
<intent://example.com:8080/pathname?search#hash> ... ✅
<intent:///test> ... ✅
<intent://test/a/../b> ... ✅
<intent://:443> ... ✅
<intent://test:test> ... ✅
<intent://[:1]> ... ✅
<urn://example.com:8080/pathname?search#hash> ... ✅
<urn:///test> ... ✅
<urn://test/a/../b> ... ✅
<urn://:443> ... ✅
<urn://test:test> ... ✅
<urn://[:1]> ... ✅
<turn://example.com:8080/pathname?search#hash> ... ✅
<turn:///test> ... ✅
<turn://test/a/../b> ... ✅
<turn://:443> ... ✅
<turn://test:test> ... ✅
<turn://[:1]> ... ✅
<stun://example.com:8080/pathname?search#hash> ... ✅
<stun:///test> ... ✅
<stun://test/a/../b> ... ✅
<stun://:443> ... ✅
<stun://test:test> ... ✅
<stun://[:1]> ... ✅
<w://x:0> ... ✅
<west://x:0> ... ✅
<mailto:me@example.net> set pathname to </foo> ... ✅
<data:original> set pathname to <new value> ... ✅
<sc:original> set pathname to <new value> ... ✅
<file:///some/path> set pathname to <> ... ✅
<foo://somehost/some/path> set pathname to <> ... ✅
<foo:///some/path> set pathname to <> ... ✅ (expected fail)
<foo:/some/path> set pathname to <> ... ✅
<foo:/some/path> set pathname to <test> ... ✅
<unix:/run/foo.socket?timeout=10> set pathname to </var/log/../run/bar.socket> ... ✅
<https://example.net#nav> set pathname to <home> ... ✅
<https://example.net#nav> set pathname to <../home> ... ✅
<http://example.net/home?lang=fr#nav> set pathname to <\\a\\%2E\\b\\%2e.\\c> ... ✅
<view-source+http://example.net/home?lang=fr#nav> set pathname to <\\a\\%2E\\b\\%2e.\\c> ... ✅
<a:/> set pathname to <\u{0}\u{1}\t\n\r\u{1f} !\"#$%&\'()*+,-./09:;<=>?@AZ[\\]^_`az{|}~\u{7f}\u{80}\u{81}\u{c9}\u{e9}> ... ✅
<http://example.net> set pathname to <%2e%2E%c3%89t\u{e9}> ... ✅
<http://example.net> set pathname to <?> ... ✅
<http://example.net> set pathname to <#> ... ✅
<sc://example.net> set pathname to <?> ... ✅
<sc://example.net> set pathname to <#> ... ✅
<http://example.net> set pathname to </?\u{e9}> ... ✅
<http://example.net> set pathname to </#\u{e9}> ... ✅
<file://monkey/> set pathname to <\\\\> ... ✅ (expected fail)
<file:///unicorn> set pathname to <//\\/> ... ✅ (expected fail)
<file:///unicorn> set pathname to <//monkey/..//> ... ✅ (expected fail)
<non-spec:/> set pathname to </.//p> ... ✅ (expected fail)
<non-spec:/> set pathname to </..//p> ... ✅ (expected fail)
<non-spec:/> set pathname to <//p> ... ✅ (expected fail)
<non-spec:/.//> set pathname to <p> ... ✅ (expected fail)
<data:/nospace> set pathname to <space > ... ✅
<sc:/nospace> set pathname to <space > ... ✅
<http://example.net> set pathname to < > ... ✅
<http://example.net> set pathname to <\u{0}> ... ✅
<file:///home/me/index.html> set password to <secret> ... ✅
<unix:/run/foo.socket> set password to <secret> ... ✅
<mailto:me@example.net> set password to <secret> ... ✅
<http://example.net> set password to <secret> ... ✅
<http://me@example.net> set password to <secret> ... ✅
<http://:secret@example.net> set password to <> ... ✅
<http://me:secret@example.net> set password to <> ... ✅
<http://example.net> set password to <\u{0}\u{1}\t\n\r\u{1f} !\"#$%&\'()*+,-./09:;<=>?@AZ[\\]^_`az{|}~\u{7f}\u{80}\u{81}\u{c9}\u{e9}> ... ✅
<http://example.net> set password to <%c3%89t\u{e9}> ... ✅
<sc:///> set password to <x> ... ✅
<javascript://x/> set password to <bowser> ... ✅
<file://test/> set password to <test> ... ✅
<file:///var/log/system.log> set href to <http://0300.168.0xF0> ... ✅ (expected fail)
<sc://x/> set hostname to <\u{0}> ... ✅
<sc://x/> set hostname to <\t> ... ✅
<sc://x/> set hostname to <\n> ... ✅
<sc://x/> set hostname to <\r> ... ✅
<sc://x/> set hostname to < > ... ✅
<sc://x/> set hostname to <#> ... ✅
<sc://x/> set hostname to </> ... ✅
<sc://x/> set hostname to <?> ... ✅
<sc://x/> set hostname to <@> ... ✅
<mailto:me@example.net> set hostname to <example.com> ... ✅
<data:text/plain,Stuff> set hostname to <example.net> ... ✅
<http://example.net:8080> set hostname to <example.com> ... ✅
<http://example.net> set hostname to <> ... ✅
<view-source+http://example.net/foo> set hostname to <> ... ✅
<a:/foo> set hostname to <example.net> ... ✅
<http://example.net:8080> set hostname to <0x7F000001> ... ✅
<http://example.net> set hostname to <[::0:01]> ... ✅
<http://example.net/path> set hostname to <example.com:8080> ... ✅ (expected fail)
<http://example.net:8080/path> set hostname to <example.com:> ... ✅ (expected fail)
<http://example.net/path> set hostname to <example.com/stuff> ... ✅
<http://example.net/path> set hostname to <example.com?stuff> ... ✅
<http://example.net/path> set hostname to <example.com#stuff> ... ✅
<http://example.net/path> set hostname to <example.com\\stuff> ... ✅
<view-source+http://example.net/path> set hostname to <example.com\\stuff> ... ✅
<http://example.net/> set hostname to <[google.com]> ... ✅
<http://example.net/> set hostname to <[::1.2.3.4x]> ... ✅
<http://example.net/> set hostname to <[::1.2.3.]> ... ✅
<http://example.net/> set hostname to <[::1.2.]> ... ✅
<http://example.net/> set hostname to <[::1.]> ... ✅
<file://y/> set hostname to <x:123> ... ✅
<file://y/> set hostname to <loc%41lhost> ... ✅
<file://hi/x> set hostname to <> ... ✅
<sc://test@test/> set hostname to <> ... ✅
<sc://test:12/> set hostname to <> ... ✅
<non-spec:/.//p> set hostname to <h> ... ✅ (expected fail)
<non-spec:/.//p> set hostname to <> ... ✅ (expected fail)
<http://example.com/> set hostname to <///bad.com> ... ✅
<sc://example.com/> set hostname to <///bad.com> ... ✅
<https://example.com/> set hostname to <a%C2%ADb> ... ✅
<https://example.com/> set hostname to <\u{ad}> ... ✅
<https://example.com/> set hostname to <%C2%AD> ... ✅
<https://example.com/> set hostname to <xn--> ... ✅
<https://example.net#nav> set search to <lang=fr> ... ✅
<https://example.net?lang=en-US#nav> set search to <lang=fr> ... ✅
<https://example.net?lang=en-US#nav> set search to <?lang=fr> ... ✅
<https://example.net?lang=en-US#nav> set search to <??lang=fr> ... ✅
<https://example.net?lang=en-US#nav> set search to <?> ... ✅
<https://example.net?lang=en-US#nav> set search to <> ... ✅
<https://example.net?lang=en-US> set search to <> ... ✅
<https://example.net> set search to <> ... ✅
<a:/> set search to <\u{0}\u{1}\t\n\r\u{1f} !\"#$%&\'()*+,-./09:;<=>?@AZ[\\]^_`az{|}~\u{7f}\u{80}\u{81}\u{c9}\u{e9}> ... ✅
<http://example.net> set search to <%c3%89t\u{e9}> ... ✅
<data:space ?query> set search to <> ... ✅
<sc:space ?query> set search to <> ... ✅
<data:space  ?query#fragment> set search to <> ... ✅
<sc:space  ?query#fragment> set search to <> ... ✅
<http://example.net> set search to < > ... ✅
<http://example.net> set search to <\u{0}> ... ✅
<file:///home/you/index.html> set username to <me> ... ✅
<unix:/run/foo.socket> set username to <me> ... ✅
<mailto:you@example.net> set username to <me> ... ✅
<javascript:alert(1)> set username to <wario> ... ✅
<http://example.net> set username to <me> ... ✅
<http://:secret@example.net> set username to <me> ... ✅
<http://me@example.net> set username to <> ... ✅
<http://me:secret@example.net> set username to <> ... ✅
<http://example.net> set username to <\u{0}\u{1}\t\n\r\u{1f} !\"#$%&\'()*+,-./09:;<=>?@AZ[\\]^_`az{|}~\u{7f}\u{80}\u{81}\u{c9}\u{e9}> ... ✅
<http://example.net> set username to <%c3%89t\u{e9}> ... ✅
<sc:///> set username to <x> ... ✅
<javascript://x/> set username to <wario> ... ✅
<file://test/> set username to <test> ... ✅
<sc://x/> set host to <\u{0}> ... ✅
<sc://x/> set host to <\t> ... ✅
<sc://x/> set host to <\n> ... ✅
<sc://x/> set host to <\r> ... ✅
<sc://x/> set host to < > ... ✅
<sc://x/> set host to <#> ... ✅
<sc://x/> set host to </> ... ✅
<sc://x/> set host to <?> ... ✅
<sc://x/> set host to <@> ... ✅
<sc://x/> set host to <\u{df}> ... ✅
<https://x/> set host to <\u{df}> ... ✅
<mailto:me@example.net> set host to <example.com> ... ✅
<data:text/plain,Stuff> set host to <example.net> ... ✅
<http://example.net> set host to <example.com:8080> ... ✅
<http://example.net:8080> set host to <example.com> ... ✅
<http://example.net:8080> set host to <example.com:> ... ✅
<http://example.net> set host to <> ... ✅
<view-source+http://example.net/foo> set host to <> ... ✅
<a:/foo> set host to <example.net> ... ✅
<http://example.net> set host to <0x7F000001:8080> ... ✅
<http://example.net> set host to <[::0:01]:2> ... ✅
<http://example.net> set host to <[2001:db8::2]:4002> ... ✅
<http://example.net> set host to <example.com:80> ... ✅
<https://example.net> set host to <example.com:443> ... ✅
<https://example.net> set host to <example.com:80> ... ✅
<http://example.net:8080> set host to <example.com:80> ... ✅
<http://example.net/path> set host to <example.com/stuff> ... ✅
<http://example.net/path> set host to <example.com:8080/stuff> ... ✅
<http://example.net/path> set host to <example.com?stuff> ... ✅
<http://example.net/path> set host to <example.com:8080?stuff> ... ✅
<http://example.net/path> set host to <example.com#stuff> ... ✅
<http://example.net/path> set host to <example.com:8080#stuff> ... ✅
<http://example.net/path> set host to <example.com\\stuff> ... ✅
<http://example.net/path> set host to <example.com:8080\\stuff> ... ✅
<view-source+http://example.net/path> set host to <example.com\\stuff> ... ✅
<view-source+http://example.net/path> set host to <example.com:8080stuff2> ... ✅
<http://example.net/path> set host to <example.com:8080stuff2> ... ✅
<http://example.net/path> set host to <example.com:8080+2> ... ✅
<http://example.net/path> set host to <example.com:65535> ... ✅
<http://example.net/path> set host to <example.com:65536> ... ✅
<http://example.net/> set host to <[google.com]> ... ✅
<http://example.net/> set host to <[::1.2.3.4x]> ... ✅
<http://example.net/> set host to <[::1.2.3.]> ... ✅
<http://example.net/> set host to <[::1.2.]> ... ✅
<http://example.net/> set host to <[::1.]> ... ✅
<file://y/> set host to <x:123> ... ✅
<file://y/> set host to <loc%41lhost> ... ✅
<file://hi/x> set host to <> ... ✅
<sc://test@test/> set host to <> ... ✅
<sc://test:12/> set host to <> ... ✅
<http://example.com/> set host to <///bad.com> ... ✅
<sc://example.com/> set host to <///bad.com> ... ✅
<https://example.com/> set host to <a%C2%ADb> ... ✅
<https://example.com/> set host to <\u{ad}> ... ✅
<https://example.com/> set host to <%C2%AD> ... ✅
<https://example.com/> set host to <xn--> ... ✅
<https://example.net> set hash to <main> ... ✅
<https://example.net#nav> set hash to <main> ... ✅
<https://example.net?lang=en-US> set hash to <##nav> ... ✅
<https://example.net?lang=en-US#nav> set hash to <#main> ... ✅
<https://example.net?lang=en-US#nav> set hash to <#> ... ✅
<https://example.net?lang=en-US#nav> set hash to <> ... ✅
<http://example.net> set hash to <#foo bar> ... ✅
<http://example.net> set hash to <#foo\"bar> ... ✅
<http://example.net> set hash to <#foo<bar> ... ✅
<http://example.net> set hash to <#foo>bar> ... ✅
<http://example.net> set hash to <#foo`bar> ... ✅
<a:/> set hash to <\u{0}\u{1}\t\n\r\u{1f} !\"#$%&\'()*+,-./09:;<=>?@AZ[\\]^_`az{|}~\u{7f}\u{80}\u{81}\u{c9}\u{e9}> ... ✅
<http://example.net> set hash to <a\u{0}b> ... ✅
<non-spec:/> set hash to <a\u{0}b> ... ✅
<http://example.net> set hash to <%c3%89t\u{e9}> ... ✅
<javascript:alert(1)> set hash to <castle> ... ✅
<data:space                                                                                                                                  #fragment> set hash to <> ... ✅
<sc:space    #fragment> set hash to <> ... ✅
<data:space  ?query#fragment> set hash to <> ... ✅
<sc:space  ?query#fragment> set hash to <> ... ✅
<http://example.net> set hash to < > ... ✅
<http://example.net> set hash to <\u{0}> ... ✅
<a://example.net> set protocol to <> ... ✅
<a://example.net> set protocol to <b> ... ✅
<javascript:alert(1)> set protocol to <defuse> ... ✅
<a://example.net> set protocol to <B> ... ✅
<a://example.net> set protocol to <\u{e9}> ... ✅
<a://example.net> set protocol to <0b> ... ✅
<a://example.net> set protocol to <+b> ... ✅
<a://example.net> set protocol to <bC0+-.> ... ✅
<a://example.net> set protocol to <b,c> ... ✅
<a://example.net> set protocol to <b\u{e9}> ... ✅
<http://test@example.net> set protocol to <file> ... ✅
<https://example.net:1234> set protocol to <file> ... ✅
<wss://x:x@example.net:1234> set protocol to <file> ... ✅
<file://localhost/> set protocol to <http> ... ✅
<file:///test> set protocol to <https> ... ✅
<file:> set protocol to <wss> ... ✅
<http://example.net> set protocol to <b> ... ✅
<file://hi/path> set protocol to <s> ... ✅
<https://example.net> set protocol to <s> ... ✅
<ftp://example.net> set protocol to <test> ... ✅
<mailto:me@example.net> set protocol to <http> ... ✅
<ssh://me@example.net> set protocol to <http> ... ✅
<ssh://me@example.net> set protocol to <https> ... ✅
<ssh://me@example.net> set protocol to <file> ... ✅
<ssh://example.net> set protocol to <file> ... ✅
<nonsense:///test> set protocol to <https> ... ✅
<http://example.net> set protocol to <https:foo : bar> ... ✅
<data:text/html,<p>Test> set protocol to <view-source+data:foo : bar> ... ✅
<http://foo.com:443/> set protocol to <https> ... ✅
<http://test/> set protocol to <h\r\ntt\tps> ... ✅
<http://test/> set protocol to <https\r> ... ✅
<http://test/> set protocol to <https\u{0}> ... ✅
<http://test/> set protocol to <https\u{c}> ... ✅
<http://test/> set protocol to <https\u{e}> ... ✅
<http://test/> set protocol to <https > ... ✅
<http://example.net> set port to <8080> ... ✅
<http://example.net:8080> set port to <> ... ✅
<http://example.net:8080> set port to <80> ... ✅
<https://example.net:4433> set port to <443> ... ✅
<https://example.net> set port to <80> ... ✅
<http://example.net/path> set port to <8080/stuff> ... ✅
<http://example.net/path> set port to <8080?stuff> ... ✅
<http://example.net/path> set port to <8080#stuff> ... ✅
<http://example.net/path> set port to <8080\\stuff> ... ✅
<view-source+http://example.net/path> set port to <8080stuff2> ... ✅
<http://example.net/path> set port to <8080stuff2> ... ✅
<http://example.net/path> set port to <8080+2> ... ✅
<http://example.net/path> set port to <65535> ... ✅
<http://example.net:8080/path> set port to <65536> ... ✅
<http://example.net:8080/path> set port to <randomstring> ... ✅
<non-special://example.net:8080/path> set port to <65536> ... ✅
<file://test/> set port to <12> ... ✅
<file://localhost/> set port to <12> ... ✅
<non-base:value> set port to <12> ... ✅
<sc:///> set port to <12> ... ✅
<sc://x/> set port to <12> ... ✅
<javascript://x/> set port to <12> ... ✅
<https://domain.com:443> set port to <\t8080> ... ✅
<wpt++://domain.com:443> set port to <\t8080> ... ✅
<https://www.google.com:4343> set port to <4wpt> ... ✅

====================

all tests passed
+ RESULT=0
+ cd /tmp/top100_artifacts
+ rm -rf /tmp/top100_artifacts/url-2.5.4
+ exit 0
