[windows-sys] download directory: /tmp/top100_artifacts/windows-sys-0.59.0
+ curl -sL https://crates.io/api/v1/crates/windows-sys/0.59.0/download
+ tar xzf -
+ cd /tmp/top100_artifacts/windows-sys-0.59.0
+ cargo clean
     Removed 0 files
+ cargo +stable test ''
    Blocking waiting for file lock on package cache
    Updating crates.io index
    Blocking waiting for file lock on package cache
     Locking 9 packages to latest compatible versions
      Adding windows-targets v0.52.6 (available: v0.53.0)
    Blocking waiting for file lock on package cache
   Compiling windows-targets v0.52.6
   Compiling windows-sys v0.59.0 (/tmp/top100_artifacts/windows-sys-0.59.0)
    Finished `test` profile [unoptimized + debuginfo] target(s) in 1.73s
     Running unittests src/lib.rs (target/debug/deps/windows_sys-557f7383154fb0a7)

running 0 tests

test result: ok. 0 passed; 0 failed; 0 ignored; 0 measured; 0 filtered out; finished in 0.00s

+ RESULT=0
+ cd /tmp/top100_artifacts
+ rm -rf /tmp/top100_artifacts/windows-sys-0.59.0
+ exit 0
