[digest] download directory: /tmp/top100_artifacts/digest-0.11.0-pre.10
+ curl -sL https://crates.io/api/v1/crates/digest/0.11.0-pre.10/download
+ tar xzf -
+ cd /tmp/top100_artifacts/digest-0.11.0-pre.10
+ cargo clean
     Removed 0 files
+ cargo +stable test ''
   Compiling typenum v1.18.0
   Compiling hybrid-array v0.3.0
   Compiling crypto-common v0.2.0-rc.2
   Compiling block-buffer v0.11.0-rc.4
   Compiling digest v0.11.0-pre.10 (/tmp/top100_artifacts/digest-0.11.0-pre.10)
    Finished `test` profile [unoptimized + debuginfo] target(s) in 2.82s
     Running unittests src/lib.rs (target/debug/deps/digest-75515c272054db55)

running 0 tests

test result: ok. 0 passed; 0 failed; 0 ignored; 0 measured; 0 filtered out; finished in 0.00s

+ RESULT=0
+ cd /tmp/top100_artifacts
+ rm -rf /tmp/top100_artifacts/digest-0.11.0-pre.10
+ exit 0
