[either] download directory: /var/tmp/top100_artifacts/either-1.15.0
+ curl -sL https://crates.io/api/v1/crates/either/1.15.0/download
+ tar xzf -
+ cd /var/tmp/top100_artifacts/either-1.15.0
+ cargo clean
     Removed 0 files
+ cargo +stable test ''
    Blocking waiting for file lock on package cache
    Blocking waiting for file lock on package cache
    Blocking waiting for file lock on package cache
   Compiling serde v1.0.218
   Compiling serde_json v1.0.140
   Compiling itoa v1.0.15
   Compiling ryu v1.0.20
   Compiling memchr v2.7.4
   Compiling either v1.15.0 (/var/tmp/top100_artifacts/either-1.15.0)
    Finished `test` profile [unoptimized + debuginfo] target(s) in 6.32s
     Running unittests src/lib.rs (target/debug/deps/either-a9bd712f653f1066)

running 7 tests
test basic ... ok
test deref ... ok
test macros ... ok
test read_write ... ok
test seek ... ok
test error ... ok
test iter ... ok

test result: ok. 7 passed; 0 failed; 0 ignored; 0 measured; 0 filtered out; finished in 0.01s

+ RESULT=0
+ cd /var/tmp/top100_artifacts
+ rm -rf /var/tmp/top100_artifacts/either-1.15.0
+ exit 0
