[generic-array] download directory: /var/tmp/top100_artifacts/generic-array-1.2.0
+ curl -sL https://crates.io/api/v1/crates/generic-array/1.2.0/download
+ tar xzf -
+ cd /var/tmp/top100_artifacts/generic-array-1.2.0
+ cargo clean
     Removed 0 files
+ cargo +stable test ''
    Blocking waiting for file lock on package cache
    Blocking waiting for file lock on package cache
    Blocking waiting for file lock on package cache
    Blocking waiting for file lock on package cache
   Compiling proc-macro2 v1.0.92
   Compiling unicode-ident v1.0.14
   Compiling cfg-if v1.0.0
   Compiling libc v0.2.164
   Compiling serde v1.0.215
   Compiling crossbeam-utils v0.8.20
   Compiling autocfg v1.4.0
   Compiling quote v1.0.37
   Compiling syn v2.0.89
   Compiling num-traits v0.2.19
   Compiling crossbeam-epoch v0.9.18
   Compiling byteorder v1.5.0
   Compiling rayon-core v1.12.1
   Compiling serde_json v1.0.133
   Compiling either v1.13.0
   Compiling crossbeam-deque v0.8.5
   Compiling getrandom v0.2.15
   Compiling half v2.4.1
   Compiling ciborium-io v0.2.2
   Compiling itoa v1.0.13
   Compiling anstyle v1.0.10
   Compiling ryu v1.0.18
   Compiling regex-syntax v0.8.5
   Compiling clap_lex v0.7.3
   Compiling plotters-backend v0.3.7
   Compiling memchr v2.7.4
   Compiling plotters-svg v0.3.7
   Compiling clap_builder v4.5.21
   Compiling ciborium-ll v0.2.2
   Compiling regex-automata v0.4.9
   Compiling serde_derive v1.0.215
   Compiling zerocopy-derive v0.7.35
   Compiling zerocopy v0.7.35
   Compiling ppv-lite86 v0.2.20
   Compiling rand_core v0.6.4
   Compiling itertools v0.10.5
   Compiling same-file v1.0.6
   Compiling cast v0.3.0
   Compiling typenum v1.17.0
   Compiling walkdir v2.5.0
   Compiling plotters v0.3.7
   Compiling criterion-plot v0.5.0
   Compiling rayon v1.10.0
   Compiling rand_chacha v0.3.1
   Compiling regex v1.11.1
   Compiling clap v4.5.21
   Compiling is-terminal v0.4.13
   Compiling once_cell v1.20.2
   Compiling anes v0.1.6
   Compiling oorandom v11.1.4
   Compiling rand v0.8.5
   Compiling ciborium v0.2.2
   Compiling bincode v1.3.3
   Compiling tinytemplate v1.2.1
   Compiling criterion v0.5.1
   Compiling generic-array v1.2.0 (/var/tmp/top100_artifacts/generic-array-1.2.0)
    Finished `test` profile [unoptimized + debuginfo] target(s) in 40.65s
     Running unittests src/lib.rs (target/debug/deps/generic_array-65542cd8ef29e8a4)

running 3 tests
test impls::tests::test_from_inference ... ok
test iter::test::test_send_iter ... ok
test test::test_assembly ... ok

test result: ok. 3 passed; 0 failed; 0 ignored; 0 measured; 0 filtered out; finished in 0.01s

+ RESULT=0
+ cd /var/tmp/top100_artifacts
+ rm -rf /var/tmp/top100_artifacts/generic-array-1.2.0
+ exit 0
