[h2] download directory: /var/tmp/top100_artifacts/h2-0.4.12
+ curl -sL https://crates.io/api/v1/crates/h2/0.4.12/download
+ tar xzf -
+ cd /var/tmp/top100_artifacts/h2-0.4.12
+ cargo clean
     Removed 0 files
+ cargo +stable test ''
    Blocking waiting for file lock on package cache
   Compiling libc v0.2.174
   Compiling proc-macro2 v1.0.95
   Compiling unicode-ident v1.0.18
   Compiling cfg-if v1.0.1
   Compiling glob v0.3.2
   Compiling memchr v2.7.5
   Compiling clang-sys v1.8.1
   Compiling prettyplease v0.2.36
   Compiling rustix v0.38.44
   Compiling quote v1.0.40
   Compiling syn v2.0.104
   Compiling either v1.15.0
   Compiling regex-syntax v0.8.5
   Compiling bitflags v2.9.1
   Compiling shlex v1.3.0
   Compiling errno v0.3.13
   Compiling minimal-lexical v0.2.1
   Compiling linux-raw-sys v0.4.15
   Compiling nom v7.1.3
   Compiling regex-automata v0.4.9
   Compiling jobserver v0.1.33
   Compiling libloading v0.8.8
   Compiling bindgen v0.69.5
   Compiling home v0.5.11
   Compiling which v4.4.2
   Compiling regex v1.11.1
   Compiling cc v1.2.30
   Compiling cexpr v0.6.0
   Compiling itertools v0.12.1
   Compiling lazy_static v1.5.0
   Compiling lazycell v1.3.0
   Compiling rustc-hash v1.1.0
   Compiling log v0.4.27
   Compiling cmake v0.1.54
   Compiling dunce v1.0.5
   Compiling fs_extra v1.3.0
   Compiling zeroize v1.8.1
   Compiling aws-lc-rs v1.13.3
   Compiling zerocopy v0.8.26
   Compiling rustls-pki-types v1.12.0
   Compiling getrandom v0.2.16
   Compiling bytes v1.10.1
   Compiling once_cell v1.21.3
   Compiling pin-project-lite v0.2.16
   Compiling rand_core v0.6.4
   Compiling socket2 v0.6.0
   Compiling mio v1.0.4
   Compiling ppv-lite86 v0.2.21
   Compiling tokio-macros v2.5.0
   Compiling rustls v0.23.29
   Compiling untrusted v0.9.0
   Compiling serde v1.0.219
   Compiling rand_chacha v0.3.1
   Compiling itoa v1.0.15
   Compiling serde_json v1.0.141
   Compiling subtle v2.6.1
   Compiling tokio v1.47.0
   Compiling rand v0.8.5
   Compiling tracing-core v0.1.34
   Compiling equivalent v1.0.2
   Compiling ryu v1.0.20
   Compiling same-file v1.0.6
   Compiling fnv v1.0.7
   Compiling futures-core v0.3.31
   Compiling hashbrown v0.15.4
   Compiling futures-sink v0.3.31
   Compiling indexmap v2.10.0
   Compiling http v1.3.1
   Compiling aws-lc-sys v0.30.0
   Compiling tokio-util v0.7.15
   Compiling walkdir v2.5.0
   Compiling tracing v0.1.41
   Compiling quickcheck v1.0.3
   Compiling env_logger v0.10.2
error: failed to run custom build command for `aws-lc-sys v0.30.0`

Caused by:
  process didn't exit successfully: `/var/tmp/top100_artifacts/h2-0.4.12/target/debug/build/aws-lc-sys-ed0e54d0128d3390/build-script-main` (exit status: 101)
  --- stdout
  cargo:rerun-if-env-changed=AWS_LC_SYS_NO_PREFIX_s390x_unknown_linux_gnu
  cargo:rerun-if-env-changed=AWS_LC_SYS_NO_PREFIX
  cargo:rerun-if-env-changed=AWS_LC_SYS_PREGENERATING_BINDINGS_s390x_unknown_linux_gnu
  cargo:rerun-if-env-changed=AWS_LC_SYS_PREGENERATING_BINDINGS
  cargo:rerun-if-env-changed=AWS_LC_SYS_EXTERNAL_BINDGEN_s390x_unknown_linux_gnu
  cargo:rerun-if-env-changed=AWS_LC_SYS_EXTERNAL_BINDGEN
  cargo:rerun-if-env-changed=AWS_LC_SYS_NO_ASM_s390x_unknown_linux_gnu
  cargo:rerun-if-env-changed=AWS_LC_SYS_NO_ASM
  cargo:rerun-if-env-changed=AWS_LC_SYS_CFLAGS_s390x_unknown_linux_gnu
  cargo:rerun-if-env-changed=AWS_LC_SYS_CFLAGS
  cargo:rerun-if-env-changed=CFLAGS_s390x_unknown_linux_gnu
  cargo:rerun-if-env-changed=CFLAGS
  cargo:rerun-if-env-changed=AWS_LC_SYS_PREBUILT_NASM_s390x_unknown_linux_gnu
  cargo:rerun-if-env-changed=AWS_LC_SYS_PREBUILT_NASM
  cargo:rerun-if-env-changed=AWS_LC_SYS_C_STD_s390x_unknown_linux_gnu
  cargo:rerun-if-env-changed=AWS_LC_SYS_C_STD
  cargo:rerun-if-env-changed=AWS_LC_SYS_CMAKE_BUILDER_s390x_unknown_linux_gnu
  cargo:rerun-if-env-changed=AWS_LC_SYS_CMAKE_BUILDER
  cargo:rerun-if-env-changed=AWS_LC_SYS_NO_PREGENERATED_SRC_s390x_unknown_linux_gnu
  cargo:rerun-if-env-changed=AWS_LC_SYS_NO_PREGENERATED_SRC
  cargo:rerun-if-env-changed=AWS_LC_SYS_EFFECTIVE_TARGET_s390x_unknown_linux_gnu
  cargo:rerun-if-env-changed=AWS_LC_SYS_EFFECTIVE_TARGET
  cargo:rerun-if-env-changed=AWS_LC_SYS_STATIC_s390x_unknown_linux_gnu
  cargo:rerun-if-env-changed=AWS_LC_SYS_STATIC
  cargo:rerun-if-env-changed=AWS_LC_SYS_CMAKE_s390x_unknown_linux_gnu
  cargo:rerun-if-env-changed=AWS_LC_SYS_CMAKE
  cargo:rerun-if-env-changed=CMAKE_s390x_unknown_linux_gnu
  cargo:rerun-if-env-changed=CMAKE

  --- stderr
  Missing dependency: cmake

  thread 'main' panicked at /home/eddy/.cargo/registry/src/index.crates.io-1949cf8c6b5b557f/aws-lc-sys-0.30.0/builder/main.rs:463:40:
  called `Result::unwrap()` on an `Err` value: "Required build dependency is missing. Halting build."
  note: run with `RUST_BACKTRACE=1` environment variable to display a backtrace
warning: build failed, waiting for other jobs to finish...
+ RESULT=101
+ cd /var/tmp/top100_artifacts
+ rm -rf /var/tmp/top100_artifacts/h2-0.4.12
+ exit 101
