[h2] download directory: /var/tmp/top100_artifacts/h2-0.4.10
+ curl -sL https://crates.io/api/v1/crates/h2/0.4.10/download
+ tar xzf -
+ cd /var/tmp/top100_artifacts/h2-0.4.10
+ cargo clean
     Removed 0 files
+ cargo +stable test ''
    Blocking waiting for file lock on package cache
   Compiling proc-macro2 v1.0.89
   Compiling unicode-ident v1.0.13
   Compiling libc v0.2.164
   Compiling cfg-if v1.0.0
   Compiling glob v0.3.1
   Compiling clang-sys v1.8.1
   Compiling quote v1.0.37
   Compiling prettyplease v0.2.25
   Compiling memchr v2.7.4
   Compiling syn v2.0.87
   Compiling rustix v0.38.41
   Compiling errno v0.3.9
   Compiling either v1.13.0
   Compiling shlex v1.3.0
   Compiling bitflags v2.6.0
   Compiling minimal-lexical v0.2.1
   Compiling linux-raw-sys v0.4.14
   Compiling regex-syntax v0.8.5
   Compiling nom v7.1.3
   Compiling regex-automata v0.4.9
   Compiling jobserver v0.1.32
   Compiling libloading v0.8.5
   Compiling home v0.5.9
   Compiling bindgen v0.69.5
   Compiling which v4.4.2
   Compiling regex v1.11.1
   Compiling cc v1.2.1
   Compiling cexpr v0.6.0
   Compiling itertools v0.12.1
   Compiling lazy_static v1.5.0
   Compiling log v0.4.22
   Compiling lazycell v1.3.0
   Compiling rustc-hash v1.1.0
   Compiling cmake v0.1.51
   Compiling fs_extra v1.3.0
   Compiling dunce v1.0.5
   Compiling paste v1.0.15
   Compiling aws-lc-rs v1.11.0
   Compiling zerocopy-derive v0.7.35
   Compiling byteorder v1.5.0
   Compiling getrandom v0.2.15
   Compiling mirai-annotations v1.12.0
   Compiling zerocopy v0.7.35
   Compiling rustls-pki-types v1.10.0
   Compiling zeroize v1.8.1
   Compiling once_cell v1.20.2
   Compiling bytes v1.8.0
   Compiling pin-project-lite v0.2.15
   Compiling ppv-lite86 v0.2.20
   Compiling rand_core v0.6.4
   Compiling tokio-macros v2.4.0
   Compiling mio v1.0.2
   Compiling socket2 v0.5.7
   Compiling untrusted v0.9.0
   Compiling autocfg v1.4.0
   Compiling serde v1.0.215
   Compiling rustls v0.23.17
   Compiling tokio v1.41.1
   Compiling rand_chacha v0.3.1
   Compiling slab v0.4.9
   Compiling serde_json v1.0.133
   Compiling subtle v2.6.1
   Compiling itoa v1.0.11
   Compiling rand v0.8.5
   Compiling tracing-core v0.1.32
   Compiling futures-sink v0.3.31
   Compiling hashbrown v0.15.1
   Compiling ryu v1.0.18
   Compiling fnv v1.0.7
   Compiling futures-core v0.3.31
   Compiling same-file v1.0.6
   Compiling equivalent v1.0.1
   Compiling indexmap v2.6.0
   Compiling tokio-util v0.7.12
   Compiling aws-lc-sys v0.23.0
   Compiling walkdir v2.5.0
   Compiling http v1.1.0
   Compiling tracing v0.1.40
error: failed to run custom build command for `aws-lc-sys v0.23.0`

Caused by:
  process didn't exit successfully: `/var/tmp/top100_artifacts/h2-0.4.10/target/debug/build/aws-lc-sys-544be4c92f0cc8b3/build-script-main` (exit status: 101)
  --- stdout
  cargo:rerun-if-env-changed=AWS_LC_SYS_NO_PREFIX
  cargo:rerun-if-env-changed=AWS_LC_SYS_PREGENERATING_BINDINGS
  cargo:rerun-if-env-changed=AWS_LC_SYS_EXTERNAL_BINDGEN
  cargo:rerun-if-env-changed=AWS_LC_SYS_NO_ASM
  cargo:rerun-if-env-changed=AWS_LC_SYS_CFLAGS
  cargo:rerun-if-env-changed=AWS_LC_SYS_PREBUILT_NASM
  cargo:rerun-if-env-changed=AWS_LC_SYS_C_STD
  cargo:rerun-if-env-changed=AWS_LC_SYS_CMAKE_BUILDER
  cargo:rerun-if-env-changed=AWS_LC_SYS_STATIC
  cargo:rerun-if-env-changed=CMAKE

  --- stderr
  Missing dependency: cmake

  thread 'main' panicked at /home/eddy/.cargo/registry/src/index.crates.io-1949cf8c6b5b557f/aws-lc-sys-0.23.0/builder/main.rs:370:40:
  called `Result::unwrap()` on an `Err` value: "Required build dependency is missing. Halting build."
  note: run with `RUST_BACKTRACE=1` environment variable to display a backtrace
warning: build failed, waiting for other jobs to finish...
+ RESULT=101
+ cd /var/tmp/top100_artifacts
+ rm -rf /var/tmp/top100_artifacts/h2-0.4.10
+ exit 101
