[miniz_oxide] download directory: /var/tmp/top100_artifacts/miniz_oxide-0.8.8
+ curl -sL https://crates.io/api/v1/crates/miniz_oxide/0.8.8/download
+ tar xzf -
+ cd /var/tmp/top100_artifacts/miniz_oxide-0.8.8
+ cargo clean
     Removed 0 files
+ cargo +stable test ''
    Blocking waiting for file lock on package cache
    Blocking waiting for file lock on package cache
    Blocking waiting for file lock on package cache
   Compiling adler2 v2.0.0
   Compiling miniz_oxide v0.8.8 (/var/tmp/top100_artifacts/miniz_oxide-0.8.8)
    Finished `test` profile [unoptimized + debuginfo] target(s) in 2.22s
     Running unittests src/lib.rs (target/debug/deps/miniz_oxide-95af411278877ad6)

running 29 tests
test deflate::core::test::compress_output ... ok
test deflate::core::test::u16_from_slice ... ok
test deflate::core::test::u16_to_slice ... ok
test deflate::core::test::zlib_window_bits ... ok
test deflate::stream::test::test_state ... ok
test deflate::test::compress_huff_only ... ok
test deflate::test::compress_raw ... ok
test deflate::test::compress_rle ... ok
test deflate::test::compress_small ... ok
test deflate::core::test::compress_fast ... ok
test deflate::test::short ... ok
test deflate::zlib::test::test_header ... ok
test inflate::core::test::bogus_input ... ok
test inflate::core::test::dist_extra_bits ... ok
test inflate::core::test::empty_output_buffer_non_wrapping ... ok
test deflate::zlib::test::zlib ... ok
test inflate::core::test::empty_output_buffer_wrapping ... ok
test inflate::core::test::check_tree ... ok
test inflate::core::test::fixed_table_lookup ... ok
test inflate::core::test::reverse_bits_lookup ... ok
test inflate::core::test::decompress_zlib ... ok
test inflate::stream::test::test_partial_continue ... ok
test inflate::stream::test::test_rewind_and_resume ... ok
test inflate::core::test::raw_block ... ok
test inflate::test::decompress_vec ... ok
test inflate::test::decompress_vec_with_high_limit ... ok
test inflate::stream::test::test_state ... ok
test inflate::test::fail_to_decompress_with_limit ... ok
test inflate::test::test_decompress_slice_iter_to_slice ... ok

test result: ok. 29 passed; 0 failed; 0 ignored; 0 measured; 0 filtered out; finished in 0.03s

+ RESULT=0
+ cd /var/tmp/top100_artifacts
+ rm -rf /var/tmp/top100_artifacts/miniz_oxide-0.8.8
+ exit 0
