[pin-utils] download directory: /var/tmp/top100_artifacts/pin-utils-0.1.0
+ tar xzf -
+ curl -sL https://crates.io/api/v1/crates/pin-utils/0.1.0/download
+ cd /var/tmp/top100_artifacts/pin-utils-0.1.0
+ cargo clean
     Removed 0 files
+ cargo +stable test ''
   Compiling pin-utils v0.1.0 (/var/tmp/top100_artifacts/pin-utils-0.1.0)
    Finished `test` profile [unoptimized + debuginfo] target(s) in 0.47s
     Running unittests src/lib.rs (target/debug/deps/pin_utils-9096e987f28aa9cf)

running 0 tests

test result: ok. 0 passed; 0 failed; 0 ignored; 0 measured; 0 filtered out; finished in 0.00s

     Running tests/projection.rs (target/debug/deps/projection-728793edc5d34243)

running 1 test
test projection ... ok

test result: ok. 1 passed; 0 failed; 0 ignored; 0 measured; 0 filtered out; finished in 0.00s

     Running tests/stack_pin.rs (target/debug/deps/stack_pin-557e74c188293b03)

running 1 test
test stack_pin ... ok

test result: ok. 1 passed; 0 failed; 0 ignored; 0 measured; 0 filtered out; finished in 0.00s

+ RESULT=0
+ cd /var/tmp/top100_artifacts
+ rm -rf /var/tmp/top100_artifacts/pin-utils-0.1.0
+ exit 0
