[rand_chacha] download directory: /tmp/top100_artifacts/rand_chacha-0.9.0
+ curl -sL https://crates.io/api/v1/crates/rand_chacha/0.9.0/download
+ tar xzf -
+ cd /tmp/top100_artifacts/rand_chacha-0.9.0
+ cargo clean
     Removed 0 files
+ cargo +stable test ''
    Blocking waiting for file lock on package cache
    Blocking waiting for file lock on package cache
    Blocking waiting for file lock on package cache
   Compiling libc v0.2.169
   Compiling serde v1.0.197
   Compiling getrandom v0.3.0
   Compiling zerocopy v0.8.6
   Compiling serde_json v1.0.114
   Compiling cfg-if v1.0.0
   Compiling itoa v1.0.10
   Compiling ryu v1.0.17
   Compiling ppv-lite86 v0.2.17
   Compiling rand_core v0.9.0
   Compiling rand_chacha v0.9.0 (/tmp/top100_artifacts/rand_chacha-0.9.0)
    Finished `test` profile [unoptimized + debuginfo] target(s) in 8.23s
     Running unittests src/lib.rs (target/debug/deps/rand_chacha-ea88416af161a316)

running 12 tests
test chacha::test::test_chacha_construction ... ok
test chacha::test::test_chacha_clone_streams ... ok
test chacha::test::test_chacha_multiple_blocks ... ok
test chacha::test::test_chacha_true_bytes ... ok
test chacha::test::test_chacha_true_values_a ... ok
test chacha::test::test_chacha_true_values_b ... ok
test chacha::test::test_chacha_word_pos_wrap_exact ... ok
test chacha::test::test_chacha_word_pos_wrap_excess ... ok
test chacha::test::test_chacha_word_pos_zero ... ok
test chacha::test::test_trait_objects ... ok
test chacha::test::test_chacha_nonce ... ok
test chacha::test::test_chacha_true_values_c ... ok

test result: ok. 12 passed; 0 failed; 0 ignored; 0 measured; 0 filtered out; finished in 0.02s

+ RESULT=0
+ cd /tmp/top100_artifacts
+ rm -rf /tmp/top100_artifacts/rand_chacha-0.9.0
+ exit 0
