[regex] download directory: /var/tmp/top100_artifacts/regex-1.11.1
+ curl -sL https://crates.io/api/v1/crates/regex/1.11.1/download
+ tar xzf -
+ cd /var/tmp/top100_artifacts/regex-1.11.1
+ cargo clean
     Removed 0 files
+ cargo +stable test ''
    Updating crates.io index
     Locking 50 packages to latest compatible versions
      Adding env_logger v0.9.3 (available: v0.11.8)
   Compiling proc-macro2 v1.0.95
   Compiling unicode-ident v1.0.18
   Compiling libc v0.2.172
   Compiling serde v1.0.219
   Compiling memchr v2.7.4
   Compiling hashbrown v0.15.3
   Compiling equivalent v1.0.2
   Compiling quote v1.0.40
   Compiling syn v2.0.101
   Compiling cfg-if v1.0.0
   Compiling indexmap v2.9.0
   Compiling getrandom v0.2.16
   Compiling winnow v0.7.10
   Compiling anyhow v1.0.98
   Compiling rand_core v0.6.4
   Compiling aho-corasick v1.1.3
   Compiling doc-comment v0.3.3
   Compiling regex-syntax v0.8.5
   Compiling serde_derive v1.0.219
   Compiling rand v0.8.5
   Compiling regex-automata v0.4.9
   Compiling toml_datetime v0.6.9
   Compiling serde_spanned v0.6.8
   Compiling toml_edit v0.22.26
   Compiling bstr v1.12.0
   Compiling atty v0.2.14
   Compiling log v0.4.27
   Compiling humantime v2.2.0
   Compiling toml v0.8.22
   Compiling termcolor v1.4.1
   Compiling env_logger v0.9.3
   Compiling regex-test v0.1.1
   Compiling quickcheck v1.0.3
   Compiling once_cell v1.21.3
   Compiling regex v1.11.1 (/var/tmp/top100_artifacts/regex-1.11.1)
    Finished `test` profile [optimized + debuginfo] target(s) in 38.42s
     Running unittests src/lib.rs (target/debug/deps/regex-aeeb1586ed2e6dde)

running 7 tests
test regex::bytes::tests::test_debug_output_ascii_escape ... ok
test regex::bytes::tests::test_debug_output_invalid_utf8 ... ok
test regex::bytes::tests::test_debug_output_valid_utf8 ... ok
test regex::bytes::tests::test_debug_output_match_in_middle ... ok
test regex::bytes::tests::test_debug_output_various_unicode ... ok
test regex::bytes::tests::test_empty_match ... ok
test regex::bytes::tests::test_match_properties ... ok

test result: ok. 7 passed; 0 failed; 0 ignored; 0 measured; 0 filtered out; finished in 0.00s

     Running tests/lib.rs (target/debug/deps/integration-65fee60ec0aec652)

running 65 tests
test fuzz::fail_branch_prevents_match ... ok
test fuzz::slow_big_empty_chain ... ok
test fuzz::meta_stopat_specialize_start_states ... ok
test fuzz::meta_stopat_specialize_start_states_min ... ok
test fuzz::slow_big_empty_chain3 ... ok
test fuzz::slow_big_empty_chain4 ... ok
test fuzz::slow_big_empty_chain2 ... ok
test fuzz::slow_big_empty_chain5 ... ok
test misc::capture_index ... ok
test misc::capture_index_lifetime ... ok
test fuzz::slow_big_empty_chain6 ... ok
test misc::capture_index_panic_usize - should panic ... ok
test misc::capture_index_panic_name - should panic ... ok
test misc::capture_names ... ok
test misc::capture_misc ... ok
test misc::dfa_handles_pathological_case ... ok
test misc::unclosed_group_error ... ok
test misc::sub_capture_matches ... ok
test misc::regex_string ... ok
test regression::invalid_regexes_no_crash ... ok
test regression::regression_bad_word_boundary ... ok
test regression::regression_captures_rep ... ok
test regression::regression_invalid_flags_expression ... ok
test regression::regression_invalid_repetition_expr ... ok
test regression::regression_complete_literals_suffix_incorrect ... ok
test regression::regression_nfa_stops1 ... ok
test regression::regression_unicode_perl_not_enabled ... ok
test fuzz::minimum_len_overflow ... ok
test regression::regression_big_regex_overflow ... ok
test regression_fuzz::empty_any_errors_no_panic ... ok
test regression_fuzz::fuzz1 ... ignored
test regression_fuzz::todo ... ok
test replace::all ... ok
test replace::capture_longest_possible_name ... ok
test regression_fuzz::fail_branch_prevents_match ... ok
test replace::closure_returning_reference ... ok
test replace::closure_returning_value ... ok
test replace::first ... ok
test replace::double_dollar ... ok
test replace::impl_cow_str_borrowed ... ok
test replace::impl_cow_str_borrowed_ref ... ok
test replace::impl_cow_str_owned ... ok
test replace::impl_cow_str_owned_ref ... ok
test replace::groups ... ok
test replace::impl_string ... ok
test replace::impl_string_ref ... ok
test replace::literal_dollar1 ... ok
test replace::literal_dollar2 ... ok
test replace::match_at_start_replace_with_empty ... ok
test replace::named ... ok
test replace::no_expand1 ... ok
test replace::no_expand2 ... ok
test replace::plus ... ok
test replace::replacen_no_captures ... ok
test replace::number_hyphen ... ok
test replace::replacen_with_captures ... ok
test replace::simple_expand ... ok
test replace::single_empty_match ... ok
test replace::trim ... ok
test regression::regression_many_repeat_stack_overflow ... ok
test suite_bytes_set::default ... ok
test suite_bytes::default ... ok
test suite_string_set::default ... ok
test regression_fuzz::big_regex_fails_to_compile ... ok
test suite_string::default ... ok

test result: ok. 64 passed; 0 failed; 1 ignored; 0 measured; 0 filtered out; finished in 0.43s

+ RESULT=0
+ cd /var/tmp/top100_artifacts
+ rm -rf /var/tmp/top100_artifacts/regex-1.11.1
+ exit 0
