[semver] download directory: /tmp/top100_artifacts/semver-1.0.26
+ curl -sL https://crates.io/api/v1/crates/semver/1.0.26/download
+ tar xzf -
+ cd /tmp/top100_artifacts/semver-1.0.26
+ cargo clean
     Removed 0 files
+ cargo +stable test ''
    Blocking waiting for file lock on package cache
   Compiling semver v1.0.26 (/tmp/top100_artifacts/semver-1.0.26)
    Finished `test` profile [unoptimized + debuginfo] target(s) in 1.33s
     Running unittests src/lib.rs (target/debug/deps/semver-4d6745f9f44b32fb)

running 0 tests

test result: ok. 0 passed; 0 failed; 0 ignored; 0 measured; 0 filtered out; finished in 0.00s

     Running tests/test_autotrait.rs (target/debug/deps/test_autotrait-ea88164c5fbf8801)

running 1 test
test test ... ok

test result: ok. 1 passed; 0 failed; 0 ignored; 0 measured; 0 filtered out; finished in 0.01s

     Running tests/test_identifier.rs (target/debug/deps/test_identifier-18cdf731ca40b471)

running 3 tests
test test_eq ... ok
test test_prerelease ... ok
test test_new ... ok

test result: ok. 3 passed; 0 failed; 0 ignored; 0 measured; 0 filtered out; finished in 0.10s

     Running tests/test_version.rs (target/debug/deps/test_version-081ceb4a4a0cf1b6)

running 10 tests
test test_align ... ok
test test_display ... ok
test test_ge ... ok
test test_gt ... ok
test test_le ... ok
test test_ne ... ok
test test_parse ... ok
test test_spec_order ... ok
test test_lt ... ok
test test_eq ... ok

test result: ok. 10 passed; 0 failed; 0 ignored; 0 measured; 0 filtered out; finished in 0.01s

     Running tests/test_version_req.rs (target/debug/deps/test_version_req-943003d122c7fd15)

running 20 tests
test test_caret ... ok
test test_cargo3202 ... ok
test test_any ... ok
test test_comparator_parse ... ok
test test_eq_hash ... ok
test test_exact ... ok
test test_greater_than ... ok
test test_default ... ok
test test_digit_after_wildcard ... ok
test test_leading_digit_in_pre_and_build ... ok
test test_less_than ... ok
test test_parse ... ok
test test_pre ... ok
test test_logical_or ... ok
test test_whitespace_delimited_comparator_sets ... ok
test test_wildcard ... ok
test test_wildcard_and_another ... ok
test test_multiple ... ok
test test_basic ... ok
test test_tilde ... ok

test result: ok. 20 passed; 0 failed; 0 ignored; 0 measured; 0 filtered out; finished in 0.02s

+ RESULT=0
+ cd /tmp/top100_artifacts
+ rm -rf /tmp/top100_artifacts/semver-1.0.26
+ exit 0
