[serde] download directory: /tmp/top100_artifacts/serde-1.0.219
+ curl -sL https://crates.io/api/v1/crates/serde/1.0.219/download
+ tar xzf -
+ cd /tmp/top100_artifacts/serde-1.0.219
+ cargo clean
     Removed 0 files
+ cargo +stable test ''
    Blocking waiting for file lock on package cache
    Blocking waiting for file lock on package cache
    Blocking waiting for file lock on package cache
   Compiling proc-macro2 v1.0.94
   Compiling unicode-ident v1.0.18
   Compiling serde v1.0.219 (/tmp/top100_artifacts/serde-1.0.219)
   Compiling quote v1.0.39
   Compiling syn v2.0.99
   Compiling serde_derive v1.0.219
    Finished `test` profile [unoptimized + debuginfo] target(s) in 7.62s
     Running unittests src/lib.rs (target/debug/deps/serde-8f90989bb793f811)

running 1 test
test ser::impls::test_format_u8 ... ok

test result: ok. 1 passed; 0 failed; 0 ignored; 0 measured; 0 filtered out; finished in 0.00s

+ RESULT=0
+ cd /tmp/top100_artifacts
+ rm -rf /tmp/top100_artifacts/serde-1.0.219
+ exit 0
