[serde_derive] download directory: /var/tmp/top100_artifacts/serde_derive-1.0.219
+ curl -sL https://crates.io/api/v1/crates/serde_derive/1.0.219/download
+ tar xzf -
+ cd /var/tmp/top100_artifacts/serde_derive-1.0.219
+ cargo clean
     Removed 0 files
+ cargo +stable test ''
   Compiling proc-macro2 v1.0.94
   Compiling unicode-ident v1.0.18
   Compiling serde v1.0.218
   Compiling quote v1.0.39
   Compiling syn v2.0.99
   Compiling serde_derive v1.0.219 (/var/tmp/top100_artifacts/serde_derive-1.0.219)
    Finished `test` profile [unoptimized + debuginfo] target(s) in 8.21s
     Running unittests src/lib.rs (target/debug/deps/serde_derive-0f150e331965853b)

running 2 tests
test internals::case::rename_fields ... ok
test internals::case::rename_variants ... ok

test result: ok. 2 passed; 0 failed; 0 ignored; 0 measured; 0 filtered out; finished in 0.00s

+ RESULT=0
+ cd /var/tmp/top100_artifacts
+ rm -rf /var/tmp/top100_artifacts/serde_derive-1.0.219
+ exit 0
