[socket2] download directory: /var/tmp/top100_artifacts/socket2-0.5.9
+ tar xzf -
+ curl -sL https://crates.io/api/v1/crates/socket2/0.5.9/download
+ cd /var/tmp/top100_artifacts/socket2-0.5.9
+ cargo clean
     Removed 0 files
+ cargo +stable test ''
   Compiling libc v0.2.171
   Compiling socket2 v0.5.9 (/var/tmp/top100_artifacts/socket2-0.5.9)
    Finished `test` profile [unoptimized + debuginfo] target(s) in 1.72s
     Running unittests src/lib.rs (target/debug/deps/socket2-7f3ee02b4b18e852)

running 10 tests
test sockaddr::tests::ipv4 ... ok
test sockaddr::tests::ipv4_eq ... ok
test sockaddr::tests::ipv4_hash ... ok
test sockaddr::tests::ipv4_ipv6_eq ... ok
test sockaddr::tests::ipv4_ipv6_hash ... ok
test sockaddr::tests::ipv6_eq ... ok
test sockaddr::tests::ipv6_hash ... ok
test sys::in6_addr_convertion ... ok
test sys::in_addr_convertion ... ok
test sockaddr::tests::ipv6 ... ok

test result: ok. 10 passed; 0 failed; 0 ignored; 0 measured; 0 filtered out; finished in 0.00s

+ RESULT=0
+ cd /var/tmp/top100_artifacts
+ rm -rf /var/tmp/top100_artifacts/socket2-0.5.9
+ exit 0
