[thiserror] download directory: /tmp/top100_artifacts/thiserror-2.0.12
+ curl -sL https://crates.io/api/v1/crates/thiserror/2.0.12/download
+ tar xzf -
+ cd /tmp/top100_artifacts/thiserror-2.0.12
+ cargo clean
     Removed 0 files
+ cargo +stable test ''
    Blocking waiting for file lock on package cache
    Blocking waiting for file lock on package cache
   Compiling proc-macro2 v1.0.93
   Compiling unicode-ident v1.0.17
   Compiling serde v1.0.218
   Compiling equivalent v1.0.2
   Compiling hashbrown v0.15.2
   Compiling target-triple v0.1.4
   Compiling serde_json v1.0.139
   Compiling winnow v0.7.3
   Compiling indexmap v2.7.1
   Compiling quote v1.0.38
   Compiling ryu v1.0.19
   Compiling syn v2.0.98
   Compiling thiserror v2.0.12 (/tmp/top100_artifacts/thiserror-2.0.12)
   Compiling memchr v2.7.4
   Compiling anyhow v1.0.96
   Compiling ref-cast v1.0.23
   Compiling rustversion v1.0.19
   Compiling itoa v1.0.14
   Compiling toml_datetime v0.6.8
   Compiling serde_spanned v0.6.8
   Compiling toml_edit v0.22.24
   Compiling glob v0.3.2
   Compiling termcolor v1.4.1
   Compiling dissimilar v1.0.9
   Compiling thiserror-impl v2.0.12
   Compiling serde_derive v1.0.218
   Compiling ref-cast-impl v1.0.23
   Compiling toml v0.8.20
   Compiling trybuild v1.0.103
    Finished `test` profile [unoptimized + debuginfo] target(s) in 19.39s
     Running unittests src/lib.rs (target/debug/deps/thiserror-3c5006750a288fbd)

running 0 tests

test result: ok. 0 passed; 0 failed; 0 ignored; 0 measured; 0 filtered out; finished in 0.00s

     Running tests/compiletest.rs (target/debug/deps/compiletest-6f0eebe4240f3351)

running 1 test
test ui ... ignored, requires nightly

test result: ok. 0 passed; 0 failed; 1 ignored; 0 measured; 0 filtered out; finished in 0.00s

     Running tests/test_backtrace.rs (target/debug/deps/test_backtrace-dfebcbcefaf9aa93)

running 1 test
test test_backtrace ... ignored, requires `--cfg=thiserror_nightly_testing`

test result: ok. 0 passed; 0 failed; 1 ignored; 0 measured; 0 filtered out; finished in 0.00s

     Running tests/test_display.rs (target/debug/deps/test_display-0cf633dbdacf876b)

running 29 tests
test test_brace_escape ... ok
test test_braced ... ok
test test_braced_unused ... ok
test test_enum ... ok
test test_constants ... ok
test test_expr ... ok
test test_fmt_path_inherited ... ok
test test_field ... ok
test test_fmt_path ... ok
test test_inherit ... ok
test test_ints ... ok
test test_keyword ... ok
test test_macro_rules_message_from_call_site ... ok
test test_macro_rules_variant_from_call_site ... ok
test test_match ... ok
test test_mixed ... ok
test test_nested ... ok
test test_nested_display ... ok
test test_nested_tuple_field ... ok
test test_pointer ... ok
test test_raw ... ok
test test_raw_enum ... ok
test test_raw_str ... ok
test test_self ... ok
test test_str_special_chars ... ok
test test_trailing_comma ... ok
test test_tuple ... ok
test test_unit ... ok
test test_void ... ok

test result: ok. 29 passed; 0 failed; 0 ignored; 0 measured; 0 filtered out; finished in 0.00s

     Running tests/test_error.rs (target/debug/deps/test_error-7c40819fa6a99ae3)

running 0 tests

test result: ok. 0 passed; 0 failed; 0 ignored; 0 measured; 0 filtered out; finished in 0.00s

     Running tests/test_expr.rs (target/debug/deps/test_expr-bdcd107c885549cb)

running 3 tests
test test_assoc_type_equality_constraint ... ok
test test_rcc ... ok
test test_rustup ... ok

test result: ok. 3 passed; 0 failed; 0 ignored; 0 measured; 0 filtered out; finished in 0.00s

     Running tests/test_from.rs (target/debug/deps/test_from-ee98a1413008107f)

running 1 test
test test_from ... ok

test result: ok. 1 passed; 0 failed; 0 ignored; 0 measured; 0 filtered out; finished in 0.00s

     Running tests/test_generics.rs (target/debug/deps/test_generics-d074db4886acbe4f)

running 3 tests
test test_display_enum_compound ... ok
test test_no_bound_on_named_fmt ... ok
test test_multiple_bound ... ok

test result: ok. 3 passed; 0 failed; 0 ignored; 0 measured; 0 filtered out; finished in 0.00s

     Running tests/test_lints.rs (target/debug/deps/test_lints-592b7f3cc19b089f)

running 4 tests
test test_allow_attributes ... ok
test test_deprecated ... ok
test test_needless_lifetimes ... ok
test test_unused_qualifications ... ok

test result: ok. 4 passed; 0 failed; 0 ignored; 0 measured; 0 filtered out; finished in 0.00s

     Running tests/test_option.rs (target/debug/deps/test_option-bf5d74c7107502e8)

running 1 test
test test_option ... ignored, requires `--cfg=thiserror_nightly_testing`

test result: ok. 0 passed; 0 failed; 1 ignored; 0 measured; 0 filtered out; finished in 0.00s

     Running tests/test_path.rs (target/debug/deps/test_path-9738b1815ad7e500)

running 1 test
test test_display ... ok

test result: ok. 1 passed; 0 failed; 0 ignored; 0 measured; 0 filtered out; finished in 0.00s

     Running tests/test_source.rs (target/debug/deps/test_source-ae4f6a15782ba224)

running 4 tests
test test_boxed_source ... ok
test test_explicit_source ... ok
test test_implicit_source ... ok
test test_not_source ... ok

test result: ok. 4 passed; 0 failed; 0 ignored; 0 measured; 0 filtered out; finished in 0.00s

     Running tests/test_transparent.rs (target/debug/deps/test_transparent-58215d074366431d)

running 5 tests
test test_anyhow ... ok
test test_non_static ... ok
test test_transparent_enum ... ok
test test_transparent_enum_with_default_message ... ok
test test_transparent_struct ... ok

test result: ok. 5 passed; 0 failed; 0 ignored; 0 measured; 0 filtered out; finished in 0.00s

+ RESULT=0
+ cd /tmp/top100_artifacts
+ rm -rf /tmp/top100_artifacts/thiserror-2.0.12
+ exit 0
