[thiserror-impl] download directory: /var/tmp/top100_artifacts/thiserror-impl-2.0.12
+ curl -sL https://crates.io/api/v1/crates/thiserror-impl/2.0.12/download
+ tar xzf -
+ cd /var/tmp/top100_artifacts/thiserror-impl-2.0.12
+ cargo clean
     Removed 0 files
+ cargo +stable test ''
    Blocking waiting for file lock on package cache
   Compiling proc-macro2 v1.0.93
   Compiling unicode-ident v1.0.17
   Compiling quote v1.0.38
   Compiling syn v2.0.98
   Compiling thiserror-impl v2.0.12 (/var/tmp/top100_artifacts/thiserror-impl-2.0.12)
    Finished `test` profile [unoptimized + debuginfo] target(s) in 10.07s
     Running unittests src/lib.rs (target/debug/deps/thiserror_impl-fdceb6bcc4b9eb98)

running 0 tests

test result: ok. 0 passed; 0 failed; 0 ignored; 0 measured; 0 filtered out; finished in 0.00s

+ RESULT=0
+ cd /var/tmp/top100_artifacts
+ rm -rf /var/tmp/top100_artifacts/thiserror-impl-2.0.12
+ exit 0
