[time] download directory: /tmp/top100_artifacts/time-0.3.41
+ curl -sL https://crates.io/api/v1/crates/time/0.3.41/download
+ tar xzf -
+ cd /tmp/top100_artifacts/time-0.3.41
+ cargo clean
     Removed 0 files
+ cargo +stable test ''
    Blocking waiting for file lock on package cache
    Blocking waiting for file lock on package cache
   Compiling proc-macro2 v1.0.93
   Compiling unicode-ident v1.0.14
   Compiling libc v0.2.152
   Compiling cfg-if v1.0.0
   Compiling semver v1.0.21
   Compiling memchr v2.7.4
   Compiling aho-corasick v1.1.2
   Compiling quote v1.0.38
   Compiling getrandom v0.2.12
   Compiling syn v2.0.96
   Compiling rustc_version v0.4.1
   Compiling regex-syntax v0.8.5
   Compiling serde v1.0.217
   Compiling rstest_macros v0.23.0
   Compiling rand_core v0.6.4
   Compiling syn v1.0.109
   Compiling ppv-lite86 v0.2.17
   Compiling serde_json v1.0.137
   Compiling rand_chacha v0.3.1
   Compiling glob v0.3.1
   Compiling relative-path v1.9.3
   Compiling rand v0.8.5
   Compiling regex-automata v0.4.9
   Compiling num-conv v0.1.0
   Compiling ryu v1.0.18
   Compiling itoa v1.0.14
   Compiling powerfmt v0.2.0
   Compiling time-core v0.1.4
   Compiling time-macros v0.2.22
   Compiling regex v1.11.1
   Compiling deranged v0.4.1
   Compiling serde_derive v1.0.217
   Compiling quickcheck_macros v1.0.0
   Compiling rstest_reuse v0.7.0
   Compiling rstest v0.23.0
   Compiling serde_test v1.0.176
   Compiling time v0.3.41 (/tmp/top100_artifacts/time-0.3.41)
    Finished `test` profile [unoptimized + debuginfo] target(s) in 17.98s
     Running unittests src/lib.rs (target/debug/deps/time-9a75d18597ef01ed)

running 0 tests

test result: ok. 0 passed; 0 failed; 0 ignored; 0 measured; 0 filtered out; finished in 0.00s

+ RESULT=0
+ cd /tmp/top100_artifacts
+ rm -rf /tmp/top100_artifacts/time-0.3.41
+ exit 0
