[tokio-util] download directory: /var/tmp/top100_artifacts/tokio-util-0.7.17
+ tar xzf -
+ curl -sL https://crates.io/api/v1/crates/tokio-util/0.7.17/download
+ cd /var/tmp/top100_artifacts/tokio-util-0.7.17
+ cargo clean
     Removed 0 files
+ cargo +stable test ''
    Blocking waiting for file lock on package cache
    Updating crates.io index
    Blocking waiting for file lock on package cache
 Downloading crates ...
  Downloaded tokio-macros v2.6.0
   Compiling proc-macro2 v1.0.103
   Compiling unicode-ident v1.0.20
   Compiling quote v1.0.41
   Compiling libc v0.2.177
   Compiling futures-core v0.3.31
   Compiling pin-project-lite v0.2.16
   Compiling cfg-if v1.0.4
   Compiling parking_lot_core v0.9.12
   Compiling smallvec v1.15.1
   Compiling futures-sink v0.3.31
   Compiling scopeguard v1.2.0
   Compiling lock_api v0.4.14
   Compiling futures-channel v0.3.31
   Compiling futures-task v0.3.31
   Compiling slab v0.4.11
   Compiling syn v2.0.108
   Compiling bytes v1.10.1
   Compiling futures-io v0.3.31
   Compiling memchr v2.7.6
   Compiling parking_lot v0.12.5
   Compiling mio v1.1.0
   Compiling signal-hook-registry v1.4.6
   Compiling socket2 v0.6.1
   Compiling pin-utils v0.1.0
   Compiling getrandom v0.3.4
   Compiling rustix v1.1.2
   Compiling errno v0.3.14
   Compiling linux-raw-sys v0.11.0
   Compiling bitflags v2.10.0
   Compiling fastrand v2.3.0
   Compiling once_cell v1.21.3
   Compiling tokio-macros v2.6.0
   Compiling futures-macro v0.3.31
   Compiling async-stream-impl v0.3.6
   Compiling pin-project-internal v1.1.10
   Compiling tokio v1.48.0
   Compiling futures-util v0.3.31
   Compiling async-stream v0.3.6
   Compiling tempfile v3.23.0
   Compiling pin-project v1.1.10
   Compiling futures-executor v0.3.31
   Compiling futures v0.3.31
   Compiling futures-test v0.3.31
   Compiling tokio-stream v0.1.17
   Compiling tokio-util v0.7.17 (/var/tmp/top100_artifacts/tokio-util-0.7.17)
   Compiling tokio-test v0.4.4
error: run tokio-util tests with `--features full`
 --> tests/_require_full.rs:2:1
  |
2 | compile_error!("run tokio-util tests with `--features full`");
  | ^^^^^^^^^^^^^^^^^^^^^^^^^^^^^^^^^^^^^^^^^^^^^^^^^^^^^^^^^^^^^

error: could not compile `tokio-util` (test "_require_full") due to 1 previous error
warning: build failed, waiting for other jobs to finish...
+ RESULT=101
+ cd /var/tmp/top100_artifacts
+ rm -rf /var/tmp/top100_artifacts/tokio-util-0.7.17
+ exit 101
