[tokio-util] download directory: /var/tmp/top100_artifacts/tokio-util-0.7.16
+ tar xzf -
+ curl -sL https://crates.io/api/v1/crates/tokio-util/0.7.16/download
+ cd /var/tmp/top100_artifacts/tokio-util-0.7.16
+ cargo clean
     Removed 0 files
+ cargo +stable test ''
    Blocking waiting for file lock on package cache
    Blocking waiting for file lock on package cache
   Compiling proc-macro2 v1.0.89
   Compiling unicode-ident v1.0.13
   Compiling autocfg v1.4.0
   Compiling libc v0.2.174
   Compiling pin-project-lite v0.2.14
   Compiling futures-core v0.3.31
   Compiling cfg-if v1.0.0
   Compiling parking_lot_core v0.9.10
   Compiling lock_api v0.4.12
   Compiling slab v0.4.9
   Compiling smallvec v1.13.2
   Compiling quote v1.0.37
   Compiling syn v2.0.82
   Compiling futures-sink v0.3.31
   Compiling scopeguard v1.2.0
   Compiling futures-channel v0.3.31
   Compiling futures-io v0.3.31
   Compiling futures-task v0.3.31
   Compiling bytes v1.8.0
   Compiling memchr v2.7.4
   Compiling signal-hook-registry v1.4.2
   Compiling socket2 v0.6.0
   Compiling parking_lot v0.12.3
   Compiling mio v1.0.2
   Compiling pin-utils v0.1.0
   Compiling rustix v0.38.37
   Compiling errno v0.3.9
   Compiling linux-raw-sys v0.4.14
   Compiling bitflags v2.6.0
   Compiling once_cell v1.20.2
   Compiling fastrand v2.1.1
   Compiling futures-macro v0.3.31
   Compiling tokio-macros v2.5.0
   Compiling async-stream-impl v0.3.6
   Compiling pin-project-internal v1.1.6
   Compiling tokio v1.47.1
   Compiling futures-util v0.3.31
   Compiling async-stream v0.3.6
   Compiling pin-project v1.1.6
   Compiling tempfile v3.13.0
   Compiling futures-executor v0.3.31
   Compiling futures-test v0.3.31
   Compiling futures v0.3.31
   Compiling tokio-stream v0.1.17
   Compiling tokio-util v0.7.16 (/var/tmp/top100_artifacts/tokio-util-0.7.16)
   Compiling tokio-test v0.4.4
error[E0433]: failed to resolve: could not find `io` in `tokio_util`
  --> tests/io_reader_stream.rs:40:34
   |
40 |     let mut stream = tokio_util::io::ReaderStream::new(reader);
   |                                  ^^ could not find `io` in `tokio_util`
   |
note: found an item that was configured out
  --> /var/tmp/top100_artifacts/tokio-util-0.7.16/src/lib.rs:43:13
   |
43 |     pub mod io;
   |             ^^
note: the item is gated behind the `io` feature
  --> /var/tmp/top100_artifacts/tokio-util-0.7.16/src/lib.rs:42:1
   |
42 | / cfg_io! {
43 | |     pub mod io;
44 | | }
   | |_^
   = note: this error originates in the macro `cfg_io` (in Nightly builds, run with -Z macro-backtrace for more info)

For more information about this error, try `rustc --explain E0433`.
error: could not compile `tokio-util` (test "io_reader_stream") due to 1 previous error
warning: build failed, waiting for other jobs to finish...
+ RESULT=101
+ cd /var/tmp/top100_artifacts
+ rm -rf /var/tmp/top100_artifacts/tokio-util-0.7.16
+ exit 101
