[tokio] download directory: /tmp/top100_artifacts/tokio-tokio-1.45.0
+ git clone -c advice.detachedHead=false -q --branch tokio-1.45.0 --depth 1 https://github.com/tokio-rs/tokio/ .
+ cargo clean
     Removed 0 files
+ cargo +stable test
    Updating crates.io index
     Locking 208 packages to latest compatible versions
      Adding criterion v0.5.1 (available: v0.6.0)
      Adding http v0.2.12 (available: v1.3.1)
      Adding nix v0.29.0 (available: v0.30.1)
      Adding rand v0.8.5 (available: v0.9.1)
      Adding rand_chacha v0.3.1 (available: v0.9.0)
      Adding windows-sys v0.52.0 (available: v0.59.0)
   Compiling proc-macro2 v1.0.95
   Compiling unicode-ident v1.0.18
   Compiling libc v0.2.172
   Compiling autocfg v1.4.0
   Compiling cfg-if v1.0.0
   Compiling pin-project-lite v0.2.16
   Compiling futures-core v0.3.31
   Compiling smallvec v1.15.0
   Compiling lock_api v0.4.12
   Compiling parking_lot_core v0.9.10
   Compiling memchr v2.7.4
   Compiling scopeguard v1.2.0
   Compiling quote v1.0.40
   Compiling bytes v1.10.1
   Compiling slab v0.4.9
   Compiling syn v2.0.101
   Compiling futures-io v0.3.31
   Compiling mio v1.0.3
   Compiling parking_lot v0.12.3
   Compiling signal-hook-registry v1.4.5
   Compiling socket2 v0.5.9
   Compiling pin-utils v0.1.0
   Compiling futures-sink v0.3.31
   Compiling futures-channel v0.3.31
   Compiling futures-task v0.3.31
   Compiling num_cpus v1.16.0
   Compiling once_cell v1.21.3
   Compiling rustix v1.0.7
   Compiling getrandom v0.3.3
   Compiling bitflags v2.9.1
   Compiling fastrand v2.3.0
   Compiling errno v0.3.12
   Compiling linux-raw-sys v0.9.4
   Compiling zerocopy v0.8.25
   Compiling getrandom v0.2.16
   Compiling rand_core v0.6.4
   Compiling regex-syntax v0.8.5
   Compiling ppv-lite86 v0.2.21
   Compiling tempfile v3.20.0
   Compiling rand_chacha v0.3.1
   Compiling lazy_static v1.5.0
   Compiling fnv v1.0.7
   Compiling rand v0.8.5
   Compiling memoffset v0.9.1
   Compiling num-traits v0.2.19
   Compiling mockall_derive v0.13.1
   Compiling predicates-core v1.0.9
   Compiling cfg_aliases v0.2.1
   Compiling nix v0.29.0
   Compiling wait-timeout v0.2.1
   Compiling diatomic-waker v0.2.3
   Compiling tokio-macros v2.5.0 (/tmp/top100_artifacts/tokio-tokio-1.45.0/tokio-macros)
   Compiling futures-macro v0.3.31
   Compiling async-stream-impl v0.3.6
   Compiling pin-project-internal v1.1.10
   Compiling async-stream v0.3.6
   Compiling quick-error v1.2.3
   Compiling parking v2.2.1
   Compiling tokio v1.45.0 (/tmp/top100_artifacts/tokio-tokio-1.45.0/tokio)
   Compiling futures-util v0.3.31
   Compiling bit-vec v0.8.0
   Compiling cordyceps v0.3.3
   Compiling anstyle v1.0.10
   Compiling spin v0.9.8
   Compiling termtree v0.5.1
   Compiling predicates-tree v1.0.12
   Compiling pin-project v1.1.10
   Compiling futures-buffered v0.2.11
   Compiling predicates v3.1.3
   Compiling bit-set v0.8.0
   Compiling futures-lite v2.6.0
   Compiling rusty-fork v0.3.0
   Compiling futures-executor v0.3.31
   Compiling futures v0.3.31
   Compiling rand_xorshift v0.3.0
   Compiling fixedbitset v0.5.7
   Compiling downcast v0.11.0
   Compiling unarray v0.1.4
   Compiling fragile v2.0.1
   Compiling proptest v1.6.0
   Compiling futures-concurrency v7.6.3
   Compiling tokio-stream v0.1.17 (/tmp/top100_artifacts/tokio-tokio-1.45.0/tokio-stream)
   Compiling tokio-test v0.4.4 (/tmp/top100_artifacts/tokio-tokio-1.45.0/tokio-test)
   Compiling mockall v0.13.1
   Compiling tokio-util v0.7.15 (/tmp/top100_artifacts/tokio-tokio-1.45.0/tokio-util)
   Compiling serde v1.0.219
   Compiling serde_derive v1.0.219
   Compiling futures-test v0.3.31
   Compiling itoa v1.0.15
   Compiling serde_json v1.0.140
   Compiling ryu v1.0.20
   Compiling tracing-core v0.1.33
   Compiling regex-syntax v0.6.29
   Compiling tracing-attributes v0.1.28
   Compiling regex-automata v0.4.9
   Compiling regex-automata v0.1.10
   Compiling log v0.4.27
   Compiling httparse v1.10.1
   Compiling overload v0.1.1
   Compiling nu-ansi-term v0.46.0
   Compiling tracing-log v0.2.0
   Compiling matchers v0.1.0
   Compiling regex v1.11.1
   Compiling tracing v0.1.41
   Compiling sharded-slab v0.1.7
   Compiling thread_local v1.1.8
   Compiling http v0.2.12
   Compiling tracing-subscriber v0.3.19
   Compiling httpdate v1.0.3
   Compiling doc-comment v0.3.3
   Compiling hashbrown v0.15.3
   Compiling equivalent v1.0.2
   Compiling tests-integration v0.1.0 (/tmp/top100_artifacts/tokio-tokio-1.45.0/tests-integration)
   Compiling toml_datetime v0.6.9
   Compiling indexmap v2.9.0
   Compiling serde_spanned v0.6.8
   Compiling toml_write v0.1.1
   Compiling winnow v0.7.10
   Compiling target-triple v0.1.4
   Compiling termcolor v1.4.1
   Compiling glob v0.3.2
   Compiling tests-build v0.1.0 (/tmp/top100_artifacts/tokio-tokio-1.45.0/tests-build)
   Compiling examples v0.0.0 (/tmp/top100_artifacts/tokio-tokio-1.45.0/examples)
   Compiling toml_edit v0.22.26
   Compiling toml v0.8.22
   Compiling trybuild v1.0.105
error: linking with `cc` failed: exit status: 1
  |
  = note:  "cc" "/tmp/rustcDGqdmC/symbols.o" "<65 object files omitted>" "-Wl,--as-needed" "-Wl,-Bstatic" "<sysroot>/lib/rustlib/s390x-unknown-linux-gnu/lib/{libtest-*,libgetopts-*,libunicode_width-*,librustc_std_workspace_std-*}.rlib" "/tmp/top100_artifacts/tokio-tokio-1.45.0/target/debug/deps/{libfutures-a256cc75c5550712.rlib,libfutures_executor-7abda99fecaa4a44.rlib,libnum_cpus-b56a88ab827b509e.rlib,libtokio_util-fb94e43258ecd68e.rlib,libfutures_util-5edb9bb5ec15fd51.rlib,libmemchr-6ea3cd41e88d454b.rlib,libfutures_io-90562ec8e0b9a6e1.rlib,libslab-e9fc84c9e219b8d8.rlib,libfutures_channel-71d6a90d0799b647.rlib,libfutures_task-1ce408e9f2770966.rlib,libpin_utils-0f6fc1808b2d670c.rlib,libfutures_sink-171e9935aaf2e6b8.rlib,libtokio_stream-28edefb27e2bfb88.rlib,libfutures_core-91ab0586b2061148.rlib,libtokio-aaf5edb0ab148736.rlib,libsignal_hook_registry-b3806d70d5ebe181.rlib,libsocket2-ad23fd1d02abd295.rlib,libbytes-b19c76f501264487.rlib,libmio-9a995c775ccaeda7.rlib,libparking_lot-82a74e1e2ebb6be8.rlib,libparking_lot_core-2ffec474c19520fc.rlib,liblibc-d64479a47f95f89a.rlib,libcfg_if-cccc26637db8d812.rlib,libsmallvec-583199cefa182dc4.rlib,liblock_api-fb08e5f834e2b936.rlib,libscopeguard-9fe77f34cd100f69.rlib,libpin_project_lite-395eb487c4a3d54c.rlib}.rlib" "<sysroot>/lib/rustlib/s390x-unknown-linux-gnu/lib/{libstd-*,libpanic_unwind-*,libobject-*,libmemchr-*,libaddr2line-*,libgimli-*,librustc_demangle-*,libstd_detect-*,libhashbrown-*,librustc_std_workspace_alloc-*,libminiz_oxide-*,libadler2-*,libunwind-*,libcfg_if-*,liblibc-*,liballoc-*,librustc_std_workspace_core-*,libcore-*,libcompiler_builtins-*}.rlib" "-Wl,-Bdynamic" "-lgcc_s" "-lutil" "-lrt" "-lpthread" "-lm" "-ldl" "-lc" "-L" "/tmp/rustcDGqdmC/raw-dylibs" "-Wl,--eh-frame-hdr" "-Wl,-z,noexecstack" "-L" "<sysroot>/lib/rustlib/s390x-unknown-linux-gnu/lib" "-o" "/tmp/top100_artifacts/tokio-tokio-1.45.0/target/debug/deps/udp-0670c9431c1844ec" "-Wl,--gc-sections" "-pie" "-Wl,-z,relro,-z,now" "-nodefaultlibs"
  = note: some arguments are omitted. use `--verbose` to show all linker arguments
  = note: /usr/bin/ld: final link failed: No space left on device
          collect2: error: ld returned 1 exit status
          

error: could not compile `tokio-util` (test "udp") due to 1 previous error
warning: build failed, waiting for other jobs to finish...
error: failed to write file /tmp/top100_artifacts/tokio-tokio-1.45.0/target/debug/incremental/signal_realtime-1cfswqkmicvxj/s-h7hsdb60oy-01uemwx-working/dep-graph.part.bin: No space left on device (os error 28)"

error: could not compile `tokio` (test "signal_realtime") due to 1 previous error
rustc-LLVM ERROR: IO failure on output stream: No space left on device
error: could not compile `tokio-util` (test "spawn_pinned")

Caused by:
  No space left on device (os error 28)

Caused by:
  failed to parse process output: `/home/eddy/.rustup/toolchains/stable-s390x-unknown-linux-gnu/bin/rustc --crate-name spawn_pinned --edition=2021 tokio-util/tests/spawn_pinned.rs --error-format=json --json=diagnostic-rendered-ansi,artifacts,future-incompat --emit=dep-info,link -C embed-bitcode=no -C debuginfo=2 --warn=u+ exit 101
