[tracing-core] download directory: /tmp/top100_artifacts/tracing-core-0.1.33
+ curl -sL https://crates.io/api/v1/crates/tracing-core/0.1.33/download
+ tar xzf -
+ cd /tmp/top100_artifacts/tracing-core-0.1.33
+ cargo clean
     Removed 0 files
+ cargo +stable test ''
    Blocking waiting for file lock on package cache
    Updating crates.io index
    Blocking waiting for file lock on package cache
     Locking 2 packages to latest compatible versions
    Blocking waiting for file lock on package cache
    Blocking waiting for file lock on package cache
   Compiling once_cell v1.21.3
   Compiling tracing-core v0.1.33 (/tmp/top100_artifacts/tracing-core-0.1.33)
    Finished `test` profile [unoptimized + debuginfo] target(s) in 2.62s
     Running unittests src/lib.rs (target/debug/deps/tracing_core-40ae156f79958abc)

running 20 tests
test dispatcher::test::dispatch_downcasts ... ok
test dispatcher::test::dispatch_is ... ok
test dispatcher::test::events_dont_infinite_loop ... ok
test dispatcher::test::default_no_subscriber ... ok
test dispatcher::test::default_dispatch ... ok
test field::test::empty_fields_are_skipped ... ok
test field::test::index_of_field_in_fieldset_is_correct ... ok
test field::test::record_bytes ... ok
test field::test::record_debug_fn ... ok
test field::test::record_error ... ok
test field::test::sparse_value_sets_are_not_empty ... ok
test field::test::value_set_with_no_values_is_empty ... ok
test field::test::value_sets_with_fields_from_other_callsites_are_empty ... ok
test metadata::tests::filter_level_conversion ... ok
test metadata::tests::level_filter_is_usize_sized ... ok
test metadata::tests::level_filter_reprs ... ok
test metadata::tests::level_from_str ... ok
test field::test::empty_value_set_is_empty ... ok
test dispatcher::test::spans_dont_infinite_loop ... ok
test field::test::fields_from_other_callsets_are_skipped ... ok

test result: ok. 20 passed; 0 failed; 0 ignored; 0 measured; 0 filtered out; finished in 0.02s

     Running tests/dispatch.rs (target/debug/deps/dispatch-b608c6a0a932e1c8)

running 2 tests
test set_default_dispatch ... ok
test nested_set_default ... ok

test result: ok. 2 passed; 0 failed; 0 ignored; 0 measured; 0 filtered out; finished in 0.01s

     Running tests/global_dispatch.rs (target/debug/deps/global_dispatch-f470539669201b7c)

running 1 test
test global_dispatch ... ok

test result: ok. 1 passed; 0 failed; 0 ignored; 0 measured; 0 filtered out; finished in 0.00s

     Running tests/local_dispatch_before_init.rs (target/debug/deps/local_dispatch_before_init-010299fd94258c9f)

running 1 test
test local_dispatch_before_init ... ok

test result: ok. 1 passed; 0 failed; 0 ignored; 0 measured; 0 filtered out; finished in 0.00s

     Running tests/macros.rs (target/debug/deps/macros-492a709bcbfb0d32)

running 1 test
test metadata_macro_api ... ok

test result: ok. 1 passed; 0 failed; 0 ignored; 0 measured; 0 filtered out; finished in 0.00s

     Running tests/missed_register_callsite.rs (target/debug/deps/missed_register_callsite-bdb6c2292e9f9997)

running 1 test
test event_before_register ... ok

test result: ok. 1 passed; 0 failed; 0 ignored; 0 measured; 0 filtered out; finished in 0.01s

+ RESULT=0
+ cd /tmp/top100_artifacts
+ rm -rf /tmp/top100_artifacts/tracing-core-0.1.33
+ exit 0
