[unicode-ident] download directory: /var/tmp/top100_artifacts/unicode-ident-1.0.18
+ curl -sL https://crates.io/api/v1/crates/unicode-ident/1.0.18/download
+ tar xzf -
+ cd /var/tmp/top100_artifacts/unicode-ident-1.0.18
+ cargo clean
     Removed 0 files
+ cargo +stable test ''
    Blocking waiting for file lock on package cache
    Blocking waiting for file lock on package cache
   Compiling proc-macro2 v1.0.94
   Compiling unicode-ident v1.0.17
   Compiling libc v0.2.170
   Compiling cfg-if v1.0.0
   Compiling serde v1.0.218
   Compiling getrandom v0.3.1
   Compiling byteorder v1.5.0
   Compiling serde_json v1.0.140
   Compiling autocfg v1.4.0
   Compiling half v2.4.1
   Compiling quote v1.0.39
   Compiling num-traits v0.2.19
   Compiling itoa v1.0.15
   Compiling zerocopy v0.8.21
   Compiling syn v2.0.99
   Compiling regex-syntax v0.8.5
   Compiling either v1.14.0
   Compiling anstyle v1.0.10
   Compiling clap_lex v0.7.4
   Compiling ciborium-io v0.2.2
   Compiling ryu v1.0.20
   Compiling memchr v2.7.4
   Compiling clap_builder v4.5.31
   Compiling ciborium-ll v0.2.2
   Compiling regex-automata v0.4.9
   Compiling itertools v0.10.5
   Compiling serde_derive v1.0.218
   Compiling zerocopy-derive v0.7.35
   Compiling rand_core v0.9.3
   Compiling fst v0.4.7
   Compiling cast v0.3.0
   Compiling same-file v1.0.6
   Compiling walkdir v2.5.0
   Compiling criterion-plot v0.5.0
   Compiling zerocopy v0.7.35
   Compiling ppv-lite86 v0.2.20
   Compiling rand_chacha v0.9.0
   Compiling regex v1.11.1
   Compiling clap v4.5.31
   Compiling is-terminal v0.4.15
   Compiling bytemuck v1.22.0
   Compiling oorandom v11.1.4
   Compiling once_cell v1.20.3
   Compiling anes v0.1.6
   Compiling roaring v0.10.10
   Compiling rand v0.9.0
   Compiling ucd-trie v0.1.7
   Compiling unicode-xid v0.2.6
   Compiling unicode-ident v1.0.18 (/var/tmp/top100_artifacts/unicode-ident-1.0.18)
   Compiling ciborium v0.2.2
   Compiling tinytemplate v1.2.1
   Compiling criterion v0.5.1
    Finished `test` profile [unoptimized + debuginfo] target(s) in 28.68s
     Running unittests src/lib.rs (target/debug/deps/unicode_ident-83b8c0f9948e9d92)

running 0 tests

test result: ok. 0 passed; 0 failed; 0 ignored; 0 measured; 0 filtered out; finished in 0.00s

     Running tests/compare.rs (target/debug/deps/compare-99c46cbf3056c210)

running 1 test
test compare_all_implementations ... ok

test result: ok. 1 passed; 0 failed; 0 ignored; 0 measured; 0 filtered out; finished in 1.87s

     Running tests/static_size.rs (target/debug/deps/static_size-8d16452856701071)

running 5 tests
test test_trieset_size ... ok
test test_fst_size ... ok
test test_size ... ok
test test_xid_size ... ok
test test_roaring_size ... ok

test result: ok. 5 passed; 0 failed; 0 ignored; 0 measured; 0 filtered out; finished in 0.22s

+ RESULT=0
+ cd /var/tmp/top100_artifacts
+ rm -rf /var/tmp/top100_artifacts/unicode-ident-1.0.18
+ exit 0
