[unicode-normalization] download directory: /var/tmp/top100_artifacts/unicode-normalization-0.1.24
+ curl -sL https://crates.io/api/v1/crates/unicode-normalization/0.1.24/download
+ tar xzf -
+ cd /var/tmp/top100_artifacts/unicode-normalization-0.1.24
+ cargo clean
     Removed 0 files
+ cargo +stable test ''
    Blocking waiting for file lock on package cache
    Updating crates.io index
    Blocking waiting for file lock on package cache
     Locking 2 packages to latest compatible versions
    Blocking waiting for file lock on package cache
   Compiling tinyvec_macros v0.1.1
   Compiling tinyvec v1.9.0
   Compiling unicode-normalization v0.1.24 (/var/tmp/top100_artifacts/unicode-normalization-0.1.24)
    Finished `test` profile [unoptimized + debuginfo] target(s) in 4.15s
     Running unittests src/lib.rs (target/debug/deps/unicode_normalization-e441103b9714b7fa)

running 13 tests
test stream_safe::tests::test_all_nonstarters ... ok
test quick_check::tests::test_stream_safe_nfd ... ok
test normalize::tests::test_hangul_composition ... ok
test quick_check::tests::test_stream_safe_nfc ... ok
test test::test_is_combining_mark_ascii ... ok
test test::test_is_combining_mark_misc ... ok
test stream_safe::tests::test_simple ... ok
test test::test_nfd ... ok
test test::test_nfkc ... ok
test test::test_nfc ... ok
test test::test_nfkd ... ok
test test::test_normalize_char ... ok
test stream_safe::tests::test_classify_nonstarters ... ok

test result: ok. 13 passed; 0 failed; 0 ignored; 0 measured; 0 filtered out; finished in 0.10s

+ RESULT=0
+ cd /var/tmp/top100_artifacts
+ rm -rf /var/tmp/top100_artifacts/unicode-normalization-0.1.24
+ exit 0
