[version_check] download directory: /var/tmp/top100_artifacts/version_check-0.9.5
+ curl -sL https://crates.io/api/v1/crates/version_check/0.9.5/download
+ tar xzf -
+ cd /var/tmp/top100_artifacts/version_check-0.9.5
+ cargo clean
     Removed 0 files
+ cargo +stable test ''
warning: no edition set: defaulting to the 2015 edition while the latest is 2024
   Compiling version_check v0.9.5 (/var/tmp/top100_artifacts/version_check-0.9.5)
    Finished `test` profile [unoptimized + debuginfo] target(s) in 0.97s
     Running unittests src/lib.rs (target/debug/deps/version_check-bee1fc4ed8265a58)

running 10 tests
test tests::test_stable_compatibility ... ok
test tests::test_verbose_version_parse ... ok
test date::tests::display ... ok
test version::tests::test_comparisons ... ok
test tests::test_version_parse ... ok
test version::tests::display ... ok
test version::tests::test_malformed ... ok
test version::tests::test_from_mmp ... ok
test version::tests::test_str_to_mmp ... ok
test tests::test_parse_current ... ok

test result: ok. 10 passed; 0 failed; 0 ignored; 0 measured; 0 filtered out; finished in 0.21s

+ RESULT=0
+ cd /var/tmp/top100_artifacts
+ rm -rf /var/tmp/top100_artifacts/version_check-0.9.5
+ exit 0
